
AVRASM ver. 2.1.30  E:\in progress 2\Microprocessor\Lab\7\EXP7-Amirreza Hosseini\CodeVision\exp7-Q2&Q3-9820363\Debug\List\q2.asm Sun May 01 23:49:01 2022

E:\in progress 2\Microprocessor\Lab\7\EXP7-Amirreza Hosseini\CodeVision\exp7-Q2&Q3-9820363\Debug\List\q2.asm(1088): warning: Register r5 already defined by the .DEF directive
E:\in progress 2\Microprocessor\Lab\7\EXP7-Amirreza Hosseini\CodeVision\exp7-Q2&Q3-9820363\Debug\List\q2.asm(1089): warning: Register r4 already defined by the .DEF directive
E:\in progress 2\Microprocessor\Lab\7\EXP7-Amirreza Hosseini\CodeVision\exp7-Q2&Q3-9820363\Debug\List\q2.asm(1090): warning: Register r7 already defined by the .DEF directive
E:\in progress 2\Microprocessor\Lab\7\EXP7-Amirreza Hosseini\CodeVision\exp7-Q2&Q3-9820363\Debug\List\q2.asm(1091): warning: Register r6 already defined by the .DEF directive
E:\in progress 2\Microprocessor\Lab\7\EXP7-Amirreza Hosseini\CodeVision\exp7-Q2&Q3-9820363\Debug\List\q2.asm(1092): warning: Register r9 already defined by the .DEF directive
E:\in progress 2\Microprocessor\Lab\7\EXP7-Amirreza Hosseini\CodeVision\exp7-Q2&Q3-9820363\Debug\List\q2.asm(1093): warning: Register r8 already defined by the .DEF directive
E:\in progress 2\Microprocessor\Lab\7\EXP7-Amirreza Hosseini\CodeVision\exp7-Q2&Q3-9820363\Debug\List\q2.asm(1094): warning: Register r11 already defined by the .DEF directive
E:\in progress 2\Microprocessor\Lab\7\EXP7-Amirreza Hosseini\CodeVision\exp7-Q2&Q3-9820363\Debug\List\q2.asm(1095): warning: Register r10 already defined by the .DEF directive
E:\in progress 2\Microprocessor\Lab\7\EXP7-Amirreza Hosseini\CodeVision\exp7-Q2&Q3-9820363\Debug\List\q2.asm(1096): warning: Register r13 already defined by the .DEF directive
                 
                 
                 ;CodeVisionAVR C Compiler V3.12 Advanced
                 ;(C) Copyright 1998-2014 Pavel Haiduc, HP InfoTech s.r.l.
                 ;http://www.hpinfotech.com
                 
                 ;Build configuration    : Debug
                 ;Chip type              : ATmega16
                 ;Program type           : Application
                 ;Clock frequency        : 8.000000 MHz
                 ;Memory model           : Small
                 ;Optimize for           : Size
                 ;(s)printf features     : int, width
                 ;(s)scanf features      : int, width
                 ;External RAM size      : 0
                 ;Data Stack size        : 256 byte(s)
                 ;Heap size              : 0 byte(s)
                 ;Promote 'char' to 'int': Yes
                 ;'char' is unsigned     : Yes
                 ;8 bit enums            : Yes
                 ;Global 'const' stored in FLASH: Yes
                 ;Enhanced function parameter passing: Yes
                 ;Enhanced core instructions: On
                 ;Automatic register allocation for global variables: On
                 ;Smart register allocation: On
                 
                 	#define _MODEL_SMALL_
                 
                 	#pragma AVRPART ADMIN PART_NAME ATmega16
                 	#pragma AVRPART MEMORY PROG_FLASH 16384
                 	#pragma AVRPART MEMORY EEPROM 512
                 	#pragma AVRPART MEMORY INT_SRAM SIZE 1024
                 	#pragma AVRPART MEMORY INT_SRAM START_ADDR 0x60
                 
                 	#define CALL_SUPPORTED 1
                 
                 	.LISTMAC
                 	.EQU UDRE=0x5
                 	.EQU RXC=0x7
                 	.EQU USR=0xB
                 	.EQU UDR=0xC
                 	.EQU SPSR=0xE
                 	.EQU SPDR=0xF
                 	.EQU EERE=0x0
                 	.EQU EEWE=0x1
                 	.EQU EEMWE=0x2
                 	.EQU EECR=0x1C
                 	.EQU EEDR=0x1D
                 	.EQU EEARL=0x1E
                 	.EQU EEARH=0x1F
                 	.EQU WDTCR=0x21
                 	.EQU MCUCR=0x35
                 	.EQU GICR=0x3B
                 	.EQU SPL=0x3D
                 	.EQU SPH=0x3E
                 	.EQU SREG=0x3F
                 
                 	.DEF R0X0=R0
                 	.DEF R0X1=R1
                 	.DEF R0X2=R2
                 	.DEF R0X3=R3
                 	.DEF R0X4=R4
                 	.DEF R0X5=R5
                 	.DEF R0X6=R6
                 	.DEF R0X7=R7
                 	.DEF R0X8=R8
                 	.DEF R0X9=R9
                 	.DEF R0XA=R10
                 	.DEF R0XB=R11
                 	.DEF R0XC=R12
                 	.DEF R0XD=R13
                 	.DEF R0XE=R14
                 	.DEF R0XF=R15
                 	.DEF R0X10=R16
                 	.DEF R0X11=R17
                 	.DEF R0X12=R18
                 	.DEF R0X13=R19
                 	.DEF R0X14=R20
                 	.DEF R0X15=R21
                 	.DEF R0X16=R22
                 	.DEF R0X17=R23
                 	.DEF R0X18=R24
                 	.DEF R0X19=R25
                 	.DEF R0X1A=R26
                 	.DEF R0X1B=R27
                 	.DEF R0X1C=R28
                 	.DEF R0X1D=R29
                 	.DEF R0X1E=R30
                 	.DEF R0X1F=R31
                 
                 	.EQU __SRAM_START=0x0060
                 	.EQU __SRAM_END=0x045F
                 	.EQU __DSTACK_SIZE=0x0100
                 	.EQU __HEAP_SIZE=0x0000
                 	.EQU __CLEAR_SRAM_SIZE=__SRAM_END-__SRAM_START+1
                 
                 	.MACRO __CPD1N
                 	CPI  R30,LOW(@0)
                 	LDI  R26,HIGH(@0)
                 	CPC  R31,R26
                 	LDI  R26,BYTE3(@0)
                 	CPC  R22,R26
                 	LDI  R26,BYTE4(@0)
                 	CPC  R23,R26
                 	.ENDM
                 
                 	.MACRO __CPD2N
                 	CPI  R26,LOW(@0)
                 	LDI  R30,HIGH(@0)
                 	CPC  R27,R30
                 	LDI  R30,BYTE3(@0)
                 	CPC  R24,R30
                 	LDI  R30,BYTE4(@0)
                 	CPC  R25,R30
                 	.ENDM
                 
                 	.MACRO __CPWRR
                 	CP   R@0,R@2
                 	CPC  R@1,R@3
                 	.ENDM
                 
                 	.MACRO __CPWRN
                 	CPI  R@0,LOW(@2)
                 	LDI  R30,HIGH(@2)
                 	CPC  R@1,R30
                 	.ENDM
                 
                 	.MACRO __ADDB1MN
                 	SUBI R30,LOW(-@0-(@1))
                 	.ENDM
                 
                 	.MACRO __ADDB2MN
                 	SUBI R26,LOW(-@0-(@1))
                 	.ENDM
                 
                 	.MACRO __ADDW1MN
                 	SUBI R30,LOW(-@0-(@1))
                 	SBCI R31,HIGH(-@0-(@1))
                 	.ENDM
                 
                 	.MACRO __ADDW2MN
                 	SUBI R26,LOW(-@0-(@1))
                 	SBCI R27,HIGH(-@0-(@1))
                 	.ENDM
                 
                 	.MACRO __ADDW1FN
                 	SUBI R30,LOW(-2*@0-(@1))
                 	SBCI R31,HIGH(-2*@0-(@1))
                 	.ENDM
                 
                 	.MACRO __ADDD1FN
                 	SUBI R30,LOW(-2*@0-(@1))
                 	SBCI R31,HIGH(-2*@0-(@1))
                 	SBCI R22,BYTE3(-2*@0-(@1))
                 	.ENDM
                 
                 	.MACRO __ADDD1N
                 	SUBI R30,LOW(-@0)
                 	SBCI R31,HIGH(-@0)
                 	SBCI R22,BYTE3(-@0)
                 	SBCI R23,BYTE4(-@0)
                 	.ENDM
                 
                 	.MACRO __ADDD2N
                 	SUBI R26,LOW(-@0)
                 	SBCI R27,HIGH(-@0)
                 	SBCI R24,BYTE3(-@0)
                 	SBCI R25,BYTE4(-@0)
                 	.ENDM
                 
                 	.MACRO __SUBD1N
                 	SUBI R30,LOW(@0)
                 	SBCI R31,HIGH(@0)
                 	SBCI R22,BYTE3(@0)
                 	SBCI R23,BYTE4(@0)
                 	.ENDM
                 
                 	.MACRO __SUBD2N
                 	SUBI R26,LOW(@0)
                 	SBCI R27,HIGH(@0)
                 	SBCI R24,BYTE3(@0)
                 	SBCI R25,BYTE4(@0)
                 	.ENDM
                 
                 	.MACRO __ANDBMNN
                 	LDS  R30,@0+(@1)
                 	ANDI R30,LOW(@2)
                 	STS  @0+(@1),R30
                 	.ENDM
                 
                 	.MACRO __ANDWMNN
                 	LDS  R30,@0+(@1)
                 	ANDI R30,LOW(@2)
                 	STS  @0+(@1),R30
                 	LDS  R30,@0+(@1)+1
                 	ANDI R30,HIGH(@2)
                 	STS  @0+(@1)+1,R30
                 	.ENDM
                 
                 	.MACRO __ANDD1N
                 	ANDI R30,LOW(@0)
                 	ANDI R31,HIGH(@0)
                 	ANDI R22,BYTE3(@0)
                 	ANDI R23,BYTE4(@0)
                 	.ENDM
                 
                 	.MACRO __ANDD2N
                 	ANDI R26,LOW(@0)
                 	ANDI R27,HIGH(@0)
                 	ANDI R24,BYTE3(@0)
                 	ANDI R25,BYTE4(@0)
                 	.ENDM
                 
                 	.MACRO __ORBMNN
                 	LDS  R30,@0+(@1)
                 	ORI  R30,LOW(@2)
                 	STS  @0+(@1),R30
                 	.ENDM
                 
                 	.MACRO __ORWMNN
                 	LDS  R30,@0+(@1)
                 	ORI  R30,LOW(@2)
                 	STS  @0+(@1),R30
                 	LDS  R30,@0+(@1)+1
                 	ORI  R30,HIGH(@2)
                 	STS  @0+(@1)+1,R30
                 	.ENDM
                 
                 	.MACRO __ORD1N
                 	ORI  R30,LOW(@0)
                 	ORI  R31,HIGH(@0)
                 	ORI  R22,BYTE3(@0)
                 	ORI  R23,BYTE4(@0)
                 	.ENDM
                 
                 	.MACRO __ORD2N
                 	ORI  R26,LOW(@0)
                 	ORI  R27,HIGH(@0)
                 	ORI  R24,BYTE3(@0)
                 	ORI  R25,BYTE4(@0)
                 	.ENDM
                 
                 	.MACRO __DELAY_USB
                 	LDI  R24,LOW(@0)
                 __DELAY_USB_LOOP:
                 	DEC  R24
                 	BRNE __DELAY_USB_LOOP
                 	.ENDM
                 
                 	.MACRO __DELAY_USW
                 	LDI  R24,LOW(@0)
                 	LDI  R25,HIGH(@0)
                 __DELAY_USW_LOOP:
                 	SBIW R24,1
                 	BRNE __DELAY_USW_LOOP
                 	.ENDM
                 
                 	.MACRO __GETD1S
                 	LDD  R30,Y+@0
                 	LDD  R31,Y+@0+1
                 	LDD  R22,Y+@0+2
                 	LDD  R23,Y+@0+3
                 	.ENDM
                 
                 	.MACRO __GETD2S
                 	LDD  R26,Y+@0
                 	LDD  R27,Y+@0+1
                 	LDD  R24,Y+@0+2
                 	LDD  R25,Y+@0+3
                 	.ENDM
                 
                 	.MACRO __PUTD1S
                 	STD  Y+@0,R30
                 	STD  Y+@0+1,R31
                 	STD  Y+@0+2,R22
                 	STD  Y+@0+3,R23
                 	.ENDM
                 
                 	.MACRO __PUTD2S
                 	STD  Y+@0,R26
                 	STD  Y+@0+1,R27
                 	STD  Y+@0+2,R24
                 	STD  Y+@0+3,R25
                 	.ENDM
                 
                 	.MACRO __PUTDZ2
                 	STD  Z+@0,R26
                 	STD  Z+@0+1,R27
                 	STD  Z+@0+2,R24
                 	STD  Z+@0+3,R25
                 	.ENDM
                 
                 	.MACRO __CLRD1S
                 	STD  Y+@0,R30
                 	STD  Y+@0+1,R30
                 	STD  Y+@0+2,R30
                 	STD  Y+@0+3,R30
                 	.ENDM
                 
                 	.MACRO __POINTB1MN
                 	LDI  R30,LOW(@0+(@1))
                 	.ENDM
                 
                 	.MACRO __POINTW1MN
                 	LDI  R30,LOW(@0+(@1))
                 	LDI  R31,HIGH(@0+(@1))
                 	.ENDM
                 
                 	.MACRO __POINTD1M
                 	LDI  R30,LOW(@0)
                 	LDI  R31,HIGH(@0)
                 	LDI  R22,BYTE3(@0)
                 	LDI  R23,BYTE4(@0)
                 	.ENDM
                 
                 	.MACRO __POINTW1FN
                 	LDI  R30,LOW(2*@0+(@1))
                 	LDI  R31,HIGH(2*@0+(@1))
                 	.ENDM
                 
                 	.MACRO __POINTD1FN
                 	LDI  R30,LOW(2*@0+(@1))
                 	LDI  R31,HIGH(2*@0+(@1))
                 	LDI  R22,BYTE3(2*@0+(@1))
                 	LDI  R23,BYTE4(2*@0+(@1))
                 	.ENDM
                 
                 	.MACRO __POINTB2MN
                 	LDI  R26,LOW(@0+(@1))
                 	.ENDM
                 
                 	.MACRO __POINTW2MN
                 	LDI  R26,LOW(@0+(@1))
                 	LDI  R27,HIGH(@0+(@1))
                 	.ENDM
                 
                 	.MACRO __POINTW2FN
                 	LDI  R26,LOW(2*@0+(@1))
                 	LDI  R27,HIGH(2*@0+(@1))
                 	.ENDM
                 
                 	.MACRO __POINTD2FN
                 	LDI  R26,LOW(2*@0+(@1))
                 	LDI  R27,HIGH(2*@0+(@1))
                 	LDI  R24,BYTE3(2*@0+(@1))
                 	LDI  R25,BYTE4(2*@0+(@1))
                 	.ENDM
                 
                 	.MACRO __POINTBRM
                 	LDI  R@0,LOW(@1)
                 	.ENDM
                 
                 	.MACRO __POINTWRM
                 	LDI  R@0,LOW(@2)
                 	LDI  R@1,HIGH(@2)
                 	.ENDM
                 
                 	.MACRO __POINTBRMN
                 	LDI  R@0,LOW(@1+(@2))
                 	.ENDM
                 
                 	.MACRO __POINTWRMN
                 	LDI  R@0,LOW(@2+(@3))
                 	LDI  R@1,HIGH(@2+(@3))
                 	.ENDM
                 
                 	.MACRO __POINTWRFN
                 	LDI  R@0,LOW(@2*2+(@3))
                 	LDI  R@1,HIGH(@2*2+(@3))
                 	.ENDM
                 
                 	.MACRO __GETD1N
                 	LDI  R30,LOW(@0)
                 	LDI  R31,HIGH(@0)
                 	LDI  R22,BYTE3(@0)
                 	LDI  R23,BYTE4(@0)
                 	.ENDM
                 
                 	.MACRO __GETD2N
                 	LDI  R26,LOW(@0)
                 	LDI  R27,HIGH(@0)
                 	LDI  R24,BYTE3(@0)
                 	LDI  R25,BYTE4(@0)
                 	.ENDM
                 
                 	.MACRO __GETB1MN
                 	LDS  R30,@0+(@1)
                 	.ENDM
                 
                 	.MACRO __GETB1HMN
                 	LDS  R31,@0+(@1)
                 	.ENDM
                 
                 	.MACRO __GETW1MN
                 	LDS  R30,@0+(@1)
                 	LDS  R31,@0+(@1)+1
                 	.ENDM
                 
                 	.MACRO __GETD1MN
                 	LDS  R30,@0+(@1)
                 	LDS  R31,@0+(@1)+1
                 	LDS  R22,@0+(@1)+2
                 	LDS  R23,@0+(@1)+3
                 	.ENDM
                 
                 	.MACRO __GETBRMN
                 	LDS  R@0,@1+(@2)
                 	.ENDM
                 
                 	.MACRO __GETWRMN
                 	LDS  R@0,@2+(@3)
                 	LDS  R@1,@2+(@3)+1
                 	.ENDM
                 
                 	.MACRO __GETWRZ
                 	LDD  R@0,Z+@2
                 	LDD  R@1,Z+@2+1
                 	.ENDM
                 
                 	.MACRO __GETD2Z
                 	LDD  R26,Z+@0
                 	LDD  R27,Z+@0+1
                 	LDD  R24,Z+@0+2
                 	LDD  R25,Z+@0+3
                 	.ENDM
                 
                 	.MACRO __GETB2MN
                 	LDS  R26,@0+(@1)
                 	.ENDM
                 
                 	.MACRO __GETW2MN
                 	LDS  R26,@0+(@1)
                 	LDS  R27,@0+(@1)+1
                 	.ENDM
                 
                 	.MACRO __GETD2MN
                 	LDS  R26,@0+(@1)
                 	LDS  R27,@0+(@1)+1
                 	LDS  R24,@0+(@1)+2
                 	LDS  R25,@0+(@1)+3
                 	.ENDM
                 
                 	.MACRO __PUTB1MN
                 	STS  @0+(@1),R30
                 	.ENDM
                 
                 	.MACRO __PUTW1MN
                 	STS  @0+(@1),R30
                 	STS  @0+(@1)+1,R31
                 	.ENDM
                 
                 	.MACRO __PUTD1MN
                 	STS  @0+(@1),R30
                 	STS  @0+(@1)+1,R31
                 	STS  @0+(@1)+2,R22
                 	STS  @0+(@1)+3,R23
                 	.ENDM
                 
                 	.MACRO __PUTB1EN
                 	LDI  R26,LOW(@0+(@1))
                 	LDI  R27,HIGH(@0+(@1))
                 	CALL __EEPROMWRB
                 	.ENDM
                 
                 	.MACRO __PUTW1EN
                 	LDI  R26,LOW(@0+(@1))
                 	LDI  R27,HIGH(@0+(@1))
                 	CALL __EEPROMWRW
                 	.ENDM
                 
                 	.MACRO __PUTD1EN
                 	LDI  R26,LOW(@0+(@1))
                 	LDI  R27,HIGH(@0+(@1))
                 	CALL __EEPROMWRD
                 	.ENDM
                 
                 	.MACRO __PUTBR0MN
                 	STS  @0+(@1),R0
                 	.ENDM
                 
                 	.MACRO __PUTBMRN
                 	STS  @0+(@1),R@2
                 	.ENDM
                 
                 	.MACRO __PUTWMRN
                 	STS  @0+(@1),R@2
                 	STS  @0+(@1)+1,R@3
                 	.ENDM
                 
                 	.MACRO __PUTBZR
                 	STD  Z+@1,R@0
                 	.ENDM
                 
                 	.MACRO __PUTWZR
                 	STD  Z+@2,R@0
                 	STD  Z+@2+1,R@1
                 	.ENDM
                 
                 	.MACRO __GETW1R
                 	MOV  R30,R@0
                 	MOV  R31,R@1
                 	.ENDM
                 
                 	.MACRO __GETW2R
                 	MOV  R26,R@0
                 	MOV  R27,R@1
                 	.ENDM
                 
                 	.MACRO __GETWRN
                 	LDI  R@0,LOW(@2)
                 	LDI  R@1,HIGH(@2)
                 	.ENDM
                 
                 	.MACRO __PUTW1R
                 	MOV  R@0,R30
                 	MOV  R@1,R31
                 	.ENDM
                 
                 	.MACRO __PUTW2R
                 	MOV  R@0,R26
                 	MOV  R@1,R27
                 	.ENDM
                 
                 	.MACRO __ADDWRN
                 	SUBI R@0,LOW(-@2)
                 	SBCI R@1,HIGH(-@2)
                 	.ENDM
                 
                 	.MACRO __ADDWRR
                 	ADD  R@0,R@2
                 	ADC  R@1,R@3
                 	.ENDM
                 
                 	.MACRO __SUBWRN
                 	SUBI R@0,LOW(@2)
                 	SBCI R@1,HIGH(@2)
                 	.ENDM
                 
                 	.MACRO __SUBWRR
                 	SUB  R@0,R@2
                 	SBC  R@1,R@3
                 	.ENDM
                 
                 	.MACRO __ANDWRN
                 	ANDI R@0,LOW(@2)
                 	ANDI R@1,HIGH(@2)
                 	.ENDM
                 
                 	.MACRO __ANDWRR
                 	AND  R@0,R@2
                 	AND  R@1,R@3
                 	.ENDM
                 
                 	.MACRO __ORWRN
                 	ORI  R@0,LOW(@2)
                 	ORI  R@1,HIGH(@2)
                 	.ENDM
                 
                 	.MACRO __ORWRR
                 	OR   R@0,R@2
                 	OR   R@1,R@3
                 	.ENDM
                 
                 	.MACRO __EORWRR
                 	EOR  R@0,R@2
                 	EOR  R@1,R@3
                 	.ENDM
                 
                 	.MACRO __GETWRS
                 	LDD  R@0,Y+@2
                 	LDD  R@1,Y+@2+1
                 	.ENDM
                 
                 	.MACRO __PUTBSR
                 	STD  Y+@1,R@0
                 	.ENDM
                 
                 	.MACRO __PUTWSR
                 	STD  Y+@2,R@0
                 	STD  Y+@2+1,R@1
                 	.ENDM
                 
                 	.MACRO __MOVEWRR
                 	MOV  R@0,R@2
                 	MOV  R@1,R@3
                 	.ENDM
                 
                 	.MACRO __INWR
                 	IN   R@0,@2
                 	IN   R@1,@2+1
                 	.ENDM
                 
                 	.MACRO __OUTWR
                 	OUT  @2+1,R@1
                 	OUT  @2,R@0
                 	.ENDM
                 
                 	.MACRO __CALL1MN
                 	LDS  R30,@0+(@1)
                 	LDS  R31,@0+(@1)+1
                 	ICALL
                 	.ENDM
                 
                 	.MACRO __CALL1FN
                 	LDI  R30,LOW(2*@0+(@1))
                 	LDI  R31,HIGH(2*@0+(@1))
                 	CALL __GETW1PF
                 	ICALL
                 	.ENDM
                 
                 	.MACRO __CALL2EN
                 	PUSH R26
                 	PUSH R27
                 	LDI  R26,LOW(@0+(@1))
                 	LDI  R27,HIGH(@0+(@1))
                 	CALL __EEPROMRDW
                 	POP  R27
                 	POP  R26
                 	ICALL
                 	.ENDM
                 
                 	.MACRO __CALL2EX
                 	SUBI R26,LOW(-@0)
                 	SBCI R27,HIGH(-@0)
                 	CALL __EEPROMRDD
                 	ICALL
                 	.ENDM
                 
                 	.MACRO __GETW1STACK
                 	IN   R30,SPL
                 	IN   R31,SPH
                 	ADIW R30,@0+1
                 	LD   R0,Z+
                 	LD   R31,Z
                 	MOV  R30,R0
                 	.ENDM
                 
                 	.MACRO __GETD1STACK
                 	IN   R30,SPL
                 	IN   R31,SPH
                 	ADIW R30,@0+1
                 	LD   R0,Z+
                 	LD   R1,Z+
                 	LD   R22,Z
                 	MOVW R30,R0
                 	.ENDM
                 
                 	.MACRO __NBST
                 	BST  R@0,@1
                 	IN   R30,SREG
                 	LDI  R31,0x40
                 	EOR  R30,R31
                 	OUT  SREG,R30
                 	.ENDM
                 
                 
                 	.MACRO __PUTB1SN
                 	LDD  R26,Y+@0
                 	LDD  R27,Y+@0+1
                 	SUBI R26,LOW(-@1)
                 	SBCI R27,HIGH(-@1)
                 	ST   X,R30
                 	.ENDM
                 
                 	.MACRO __PUTW1SN
                 	LDD  R26,Y+@0
                 	LDD  R27,Y+@0+1
                 	SUBI R26,LOW(-@1)
                 	SBCI R27,HIGH(-@1)
                 	ST   X+,R30
                 	ST   X,R31
                 	.ENDM
                 
                 	.MACRO __PUTD1SN
                 	LDD  R26,Y+@0
                 	LDD  R27,Y+@0+1
                 	SUBI R26,LOW(-@1)
                 	SBCI R27,HIGH(-@1)
                 	CALL __PUTDP1
                 	.ENDM
                 
                 	.MACRO __PUTB1SNS
                 	LDD  R26,Y+@0
                 	LDD  R27,Y+@0+1
                 	ADIW R26,@1
                 	ST   X,R30
                 	.ENDM
                 
                 	.MACRO __PUTW1SNS
                 	LDD  R26,Y+@0
                 	LDD  R27,Y+@0+1
                 	ADIW R26,@1
                 	ST   X+,R30
                 	ST   X,R31
                 	.ENDM
                 
                 	.MACRO __PUTD1SNS
                 	LDD  R26,Y+@0
                 	LDD  R27,Y+@0+1
                 	ADIW R26,@1
                 	CALL __PUTDP1
                 	.ENDM
                 
                 	.MACRO __PUTB1PMN
                 	LDS  R26,@0
                 	LDS  R27,@0+1
                 	SUBI R26,LOW(-@1)
                 	SBCI R27,HIGH(-@1)
                 	ST   X,R30
                 	.ENDM
                 
                 	.MACRO __PUTW1PMN
                 	LDS  R26,@0
                 	LDS  R27,@0+1
                 	SUBI R26,LOW(-@1)
                 	SBCI R27,HIGH(-@1)
                 	ST   X+,R30
                 	ST   X,R31
                 	.ENDM
                 
                 	.MACRO __PUTD1PMN
                 	LDS  R26,@0
                 	LDS  R27,@0+1
                 	SUBI R26,LOW(-@1)
                 	SBCI R27,HIGH(-@1)
                 	CALL __PUTDP1
                 	.ENDM
                 
                 	.MACRO __PUTB1PMNS
                 	LDS  R26,@0
                 	LDS  R27,@0+1
                 	ADIW R26,@1
                 	ST   X,R30
                 	.ENDM
                 
                 	.MACRO __PUTW1PMNS
                 	LDS  R26,@0
                 	LDS  R27,@0+1
                 	ADIW R26,@1
                 	ST   X+,R30
                 	ST   X,R31
                 	.ENDM
                 
                 	.MACRO __PUTD1PMNS
                 	LDS  R26,@0
                 	LDS  R27,@0+1
                 	ADIW R26,@1
                 	CALL __PUTDP1
                 	.ENDM
                 
                 	.MACRO __PUTB1RN
                 	MOVW R26,R@0
                 	SUBI R26,LOW(-@1)
                 	SBCI R27,HIGH(-@1)
                 	ST   X,R30
                 	.ENDM
                 
                 	.MACRO __PUTW1RN
                 	MOVW R26,R@0
                 	SUBI R26,LOW(-@1)
                 	SBCI R27,HIGH(-@1)
                 	ST   X+,R30
                 	ST   X,R31
                 	.ENDM
                 
                 	.MACRO __PUTD1RN
                 	MOVW R26,R@0
                 	SUBI R26,LOW(-@1)
                 	SBCI R27,HIGH(-@1)
                 	CALL __PUTDP1
                 	.ENDM
                 
                 	.MACRO __PUTB1RNS
                 	MOVW R26,R@0
                 	ADIW R26,@1
                 	ST   X,R30
                 	.ENDM
                 
                 	.MACRO __PUTW1RNS
                 	MOVW R26,R@0
                 	ADIW R26,@1
                 	ST   X+,R30
                 	ST   X,R31
                 	.ENDM
                 
                 	.MACRO __PUTD1RNS
                 	MOVW R26,R@0
                 	ADIW R26,@1
                 	CALL __PUTDP1
                 	.ENDM
                 
                 	.MACRO __PUTB1RON
                 	MOV  R26,R@0
                 	MOV  R27,R@1
                 	SUBI R26,LOW(-@2)
                 	SBCI R27,HIGH(-@2)
                 	ST   X,R30
                 	.ENDM
                 
                 	.MACRO __PUTW1RON
                 	MOV  R26,R@0
                 	MOV  R27,R@1
                 	SUBI R26,LOW(-@2)
                 	SBCI R27,HIGH(-@2)
                 	ST   X+,R30
                 	ST   X,R31
                 	.ENDM
                 
                 	.MACRO __PUTD1RON
                 	MOV  R26,R@0
                 	MOV  R27,R@1
                 	SUBI R26,LOW(-@2)
                 	SBCI R27,HIGH(-@2)
                 	CALL __PUTDP1
                 	.ENDM
                 
                 	.MACRO __PUTB1RONS
                 	MOV  R26,R@0
                 	MOV  R27,R@1
                 	ADIW R26,@2
                 	ST   X,R30
                 	.ENDM
                 
                 	.MACRO __PUTW1RONS
                 	MOV  R26,R@0
                 	MOV  R27,R@1
                 	ADIW R26,@2
                 	ST   X+,R30
                 	ST   X,R31
                 	.ENDM
                 
                 	.MACRO __PUTD1RONS
                 	MOV  R26,R@0
                 	MOV  R27,R@1
                 	ADIW R26,@2
                 	CALL __PUTDP1
                 	.ENDM
                 
                 
                 	.MACRO __GETB1SX
                 	MOVW R30,R28
                 	SUBI R30,LOW(-@0)
                 	SBCI R31,HIGH(-@0)
                 	LD   R30,Z
                 	.ENDM
                 
                 	.MACRO __GETB1HSX
                 	MOVW R30,R28
                 	SUBI R30,LOW(-@0)
                 	SBCI R31,HIGH(-@0)
                 	LD   R31,Z
                 	.ENDM
                 
                 	.MACRO __GETW1SX
                 	MOVW R30,R28
                 	SUBI R30,LOW(-@0)
                 	SBCI R31,HIGH(-@0)
                 	LD   R0,Z+
                 	LD   R31,Z
                 	MOV  R30,R0
                 	.ENDM
                 
                 	.MACRO __GETD1SX
                 	MOVW R30,R28
                 	SUBI R30,LOW(-@0)
                 	SBCI R31,HIGH(-@0)
                 	LD   R0,Z+
                 	LD   R1,Z+
                 	LD   R22,Z+
                 	LD   R23,Z
                 	MOVW R30,R0
                 	.ENDM
                 
                 	.MACRO __GETB2SX
                 	MOVW R26,R28
                 	SUBI R26,LOW(-@0)
                 	SBCI R27,HIGH(-@0)
                 	LD   R26,X
                 	.ENDM
                 
                 	.MACRO __GETW2SX
                 	MOVW R26,R28
                 	SUBI R26,LOW(-@0)
                 	SBCI R27,HIGH(-@0)
                 	LD   R0,X+
                 	LD   R27,X
                 	MOV  R26,R0
                 	.ENDM
                 
                 	.MACRO __GETD2SX
                 	MOVW R26,R28
                 	SUBI R26,LOW(-@0)
                 	SBCI R27,HIGH(-@0)
                 	LD   R0,X+
                 	LD   R1,X+
                 	LD   R24,X+
                 	LD   R25,X
                 	MOVW R26,R0
                 	.ENDM
                 
                 	.MACRO __GETBRSX
                 	MOVW R30,R28
                 	SUBI R30,LOW(-@1)
                 	SBCI R31,HIGH(-@1)
                 	LD   R@0,Z
                 	.ENDM
                 
                 	.MACRO __GETWRSX
                 	MOVW R30,R28
                 	SUBI R30,LOW(-@2)
                 	SBCI R31,HIGH(-@2)
                 	LD   R@0,Z+
                 	LD   R@1,Z
                 	.ENDM
                 
                 	.MACRO __GETBRSX2
                 	MOVW R26,R28
                 	SUBI R26,LOW(-@1)
                 	SBCI R27,HIGH(-@1)
                 	LD   R@0,X
                 	.ENDM
                 
                 	.MACRO __GETWRSX2
                 	MOVW R26,R28
                 	SUBI R26,LOW(-@2)
                 	SBCI R27,HIGH(-@2)
                 	LD   R@0,X+
                 	LD   R@1,X
                 	.ENDM
                 
                 	.MACRO __LSLW8SX
                 	MOVW R30,R28
                 	SUBI R30,LOW(-@0)
                 	SBCI R31,HIGH(-@0)
                 	LD   R31,Z
                 	CLR  R30
                 	.ENDM
                 
                 	.MACRO __PUTB1SX
                 	MOVW R26,R28
                 	SUBI R26,LOW(-@0)
                 	SBCI R27,HIGH(-@0)
                 	ST   X,R30
                 	.ENDM
                 
                 	.MACRO __PUTW1SX
                 	MOVW R26,R28
                 	SUBI R26,LOW(-@0)
                 	SBCI R27,HIGH(-@0)
                 	ST   X+,R30
                 	ST   X,R31
                 	.ENDM
                 
                 	.MACRO __PUTD1SX
                 	MOVW R26,R28
                 	SUBI R26,LOW(-@0)
                 	SBCI R27,HIGH(-@0)
                 	ST   X+,R30
                 	ST   X+,R31
                 	ST   X+,R22
                 	ST   X,R23
                 	.ENDM
                 
                 	.MACRO __CLRW1SX
                 	MOVW R26,R28
                 	SUBI R26,LOW(-@0)
                 	SBCI R27,HIGH(-@0)
                 	ST   X+,R30
                 	ST   X,R30
                 	.ENDM
                 
                 	.MACRO __CLRD1SX
                 	MOVW R26,R28
                 	SUBI R26,LOW(-@0)
                 	SBCI R27,HIGH(-@0)
                 	ST   X+,R30
                 	ST   X+,R30
                 	ST   X+,R30
                 	ST   X,R30
                 	.ENDM
                 
                 	.MACRO __PUTB2SX
                 	MOVW R30,R28
                 	SUBI R30,LOW(-@0)
                 	SBCI R31,HIGH(-@0)
                 	ST   Z,R26
                 	.ENDM
                 
                 	.MACRO __PUTW2SX
                 	MOVW R30,R28
                 	SUBI R30,LOW(-@0)
                 	SBCI R31,HIGH(-@0)
                 	ST   Z+,R26
                 	ST   Z,R27
                 	.ENDM
                 
                 	.MACRO __PUTD2SX
                 	MOVW R30,R28
                 	SUBI R30,LOW(-@0)
                 	SBCI R31,HIGH(-@0)
                 	ST   Z+,R26
                 	ST   Z+,R27
                 	ST   Z+,R24
                 	ST   Z,R25
                 	.ENDM
                 
                 	.MACRO __PUTBSRX
                 	MOVW R30,R28
                 	SUBI R30,LOW(-@1)
                 	SBCI R31,HIGH(-@1)
                 	ST   Z,R@0
                 	.ENDM
                 
                 	.MACRO __PUTWSRX
                 	MOVW R30,R28
                 	SUBI R30,LOW(-@2)
                 	SBCI R31,HIGH(-@2)
                 	ST   Z+,R@0
                 	ST   Z,R@1
                 	.ENDM
                 
                 	.MACRO __PUTB1SNX
                 	MOVW R26,R28
                 	SUBI R26,LOW(-@0)
                 	SBCI R27,HIGH(-@0)
                 	LD   R0,X+
                 	LD   R27,X
                 	MOV  R26,R0
                 	SUBI R26,LOW(-@1)
                 	SBCI R27,HIGH(-@1)
                 	ST   X,R30
                 	.ENDM
                 
                 	.MACRO __PUTW1SNX
                 	MOVW R26,R28
                 	SUBI R26,LOW(-@0)
                 	SBCI R27,HIGH(-@0)
                 	LD   R0,X+
                 	LD   R27,X
                 	MOV  R26,R0
                 	SUBI R26,LOW(-@1)
                 	SBCI R27,HIGH(-@1)
                 	ST   X+,R30
                 	ST   X,R31
                 	.ENDM
                 
                 	.MACRO __PUTD1SNX
                 	MOVW R26,R28
                 	SUBI R26,LOW(-@0)
                 	SBCI R27,HIGH(-@0)
                 	LD   R0,X+
                 	LD   R27,X
                 	MOV  R26,R0
                 	SUBI R26,LOW(-@1)
                 	SBCI R27,HIGH(-@1)
                 	ST   X+,R30
                 	ST   X+,R31
                 	ST   X+,R22
                 	ST   X,R23
                 	.ENDM
                 
                 	.MACRO __MULBRR
                 	MULS R@0,R@1
                 	MOVW R30,R0
                 	.ENDM
                 
                 	.MACRO __MULBRRU
                 	MUL  R@0,R@1
                 	MOVW R30,R0
                 	.ENDM
                 
                 	.MACRO __MULBRR0
                 	MULS R@0,R@1
                 	.ENDM
                 
                 	.MACRO __MULBRRU0
                 	MUL  R@0,R@1
                 	.ENDM
                 
                 	.MACRO __MULBNWRU
                 	LDI  R26,@2
                 	MUL  R26,R@0
                 	MOVW R30,R0
                 	MUL  R26,R@1
                 	ADD  R31,R0
                 	.ENDM
                 
                 ;NAME DEFINITIONS FOR GLOBAL VARIABLES ALLOCATED TO REGISTERS
                 	.DEF _rx_wr_index=R5
                 	.DEF _rx_rd_index=R4
                 	.DEF _rx_counter=R7
                 	.DEF _tx_wr_index=R6
                 	.DEF _tx_rd_index=R9
                 	.DEF _tx_counter=R8
                 	.DEF __lcd_x=R11
                 	.DEF __lcd_y=R10
                 	.DEF __lcd_maxx=R13
                 
                 	.CSEG
                 	.ORG 0x00
                 
                 ;START OF CODE MARKER
                 __START_OF_CODE:
                 
                 ;INTERRUPT VECTORS
000000 940c 00ff 	JMP  __RESET
000002 940c 0000 	JMP  0x00
000004 940c 0000 	JMP  0x00
000006 940c 0000 	JMP  0x00
000008 940c 0000 	JMP  0x00
00000a 940c 0000 	JMP  0x00
00000c 940c 0000 	JMP  0x00
00000e 940c 0000 	JMP  0x00
000010 940c 0000 	JMP  0x00
000012 940c 0000 	JMP  0x00
000014 940c 0000 	JMP  0x00
000016 940c 012c 	JMP  _usart_rx_isr
000018 940c 0000 	JMP  0x00
00001a 940c 015e 	JMP  _usart_tx_isr
00001c 940c 0000 	JMP  0x00
00001e 940c 0000 	JMP  0x00
000020 940c 0000 	JMP  0x00
000022 940c 0000 	JMP  0x00
000024 940c 0000 	JMP  0x00
000026 940c 0000 	JMP  0x00
000028 940c 0000 	JMP  0x00
                 
                 _tbl10_G100:
00002a 2710
00002b 03e8
00002c 0064
00002d 000a      	.DB  0x10,0x27,0xE8,0x3,0x64,0x0,0xA,0x0
00002e 0001      	.DB  0x1,0x0
                 _tbl16_G100:
00002f 1000
000030 0100
000031 0010
000032 0001      	.DB  0x0,0x10,0x0,0x1,0x10,0x0,0x1,0x0
                 
                 ;REGISTER BIT VARIABLES INITIALIZATION
                 __REG_BIT_VARS:
000033 0000      	.DW  0x0000
                 
                 ;GLOBAL REGISTER VARIABLES INITIALIZATION
                 __REG_VARS:
000034 0000
000035 0000      	.DB  0x0,0x0,0x0,0x0
000036 0000      	.DB  0x0,0x0
                 
                 _0x2001C:
000037 0000
000038 0000
000039 0000
00003a 0000      	.DB  0x0,0x0,0x0,0x0,0x0,0x0,0x0,0x0
00003b 0000
00003c 0000
00003d 0000
00003e 0000      	.DB  0x0,0x0,0x0,0x0,0x0,0x0,0x0,0x0
00003f 0000
000040 0000
000041 0000
000042 0000      	.DB  0x0,0x0,0x0,0x0,0x0,0x0,0x0,0x0
000043 0000
000044 0000
000045 0000
000046 0000      	.DB  0x0,0x0,0x0,0x0,0x0,0x0,0x0,0x0
000047 0000
000048 0000
000049 0000
00004a 0000      	.DB  0x0,0x0,0x0,0x0,0x0,0x0,0x0,0x0
00004b 0000
00004c 0000
00004d 0000
00004e 0000      	.DB  0x0,0x0,0x0,0x0,0x0,0x0,0x0,0x0
00004f 0000
000050 0000
000051 0000
000052 0000      	.DB  0x0,0x0,0x0,0x0,0x0,0x0,0x0,0x0
000053 0000
000054 0000
000055 0000
000056 0000      	.DB  0x0,0x0,0x0,0x0,0x0,0x0,0x0,0x0
000057 0000      	.DB  0x0,0x0
                 _0x20000:
000058 540d
000059 3a78
00005a 0d00
00005b 7852      	.DB  0xD,0x54,0x78,0x3A,0x0,0xD,0x52,0x78
00005c 203a
00005d 6144
00005e 6174
00005f 6920      	.DB  0x3A,0x20,0x44,0x61,0x74,0x61,0x20,0x69
000060 2073
000061 2061
000062 6e69
000063 6574      	.DB  0x73,0x20,0x61,0x20,0x69,0x6E,0x74,0x65
000064 6567
000065 2072
000066 6e61
000067 2064      	.DB  0x67,0x65,0x72,0x20,0x61,0x6E,0x64,0x20
000068 3031
000069 642a
00006a 7461
00006b 3d61      	.DB  0x31,0x30,0x2A,0x64,0x61,0x74,0x61,0x3D
00006c 2500
00006d 0064
00006e 000d
00006f 434c      	.DB  0x0,0x25,0x64,0x0,0xD,0x0,0x4C,0x43
000070 2044
000071 6544
000072 656c
000073 6574      	.DB  0x44,0x20,0x44,0x65,0x6C,0x65,0x74,0x65
000074 0064
000075 4d0d
000076 6369
000077 6f72      	.DB  0x64,0x0,0xD,0x4D,0x69,0x63,0x72,0x6F
000078 7020
000079 6f72
00007a 6563
00007b 7373      	.DB  0x20,0x70,0x72,0x6F,0x63,0x65,0x73,0x73
00007c 726f
00007d 4c20
00007e 6261
00007f 6920      	.DB  0x6F,0x72,0x20,0x4C,0x61,0x62,0x20,0x69
000080 206e
000081 6150
000082 646e
000083 6d65      	.DB  0x6E,0x20,0x50,0x61,0x6E,0x64,0x65,0x6D
000084 6369
000085 6f20
000086 2066
000087 6f43      	.DB  0x69,0x63,0x20,0x6F,0x66,0x20,0x43,0x6F
000088 6f72
000089 616e
00008a 5620
00008b 7269      	.DB  0x72,0x6F,0x6E,0x61,0x20,0x56,0x69,0x72
00008c 7375
00008d 000d
00008e 520d
00008f 3a78      	.DB  0x75,0x73,0xD,0x0,0xD,0x52,0x78,0x3A
000090 4520
000091 444e
000092 6f20
000093 2066      	.DB  0x20,0x45,0x4E,0x44,0x20,0x6F,0x66,0x20
000094 6874
000095 2065
000096 6170
000097 7472      	.DB  0x74,0x68,0x65,0x20,0x70,0x61,0x72,0x74
000098 000d
000099 540d
00009a 3a78
00009b 0020      	.DB  0xD,0x0,0xD,0x54,0x78,0x3A,0x20,0x0
00009c 520d
00009d 3a78
00009e 6920
00009f 706e      	.DB  0xD,0x52,0x78,0x3A,0x20,0x69,0x6E,0x70
0000a0 7475
0000a1 6c20
0000a2 7465
0000a3 6574      	.DB  0x75,0x74,0x20,0x6C,0x65,0x74,0x74,0x65
0000a4 2072
0000a5 7369
0000a6 003a
0000a7 460d      	.DB  0x72,0x20,0x69,0x73,0x3A,0x0,0xD,0x46
0000a8 6172
0000a9 656d
0000aa 6d20
0000ab 7375      	.DB  0x72,0x61,0x6D,0x65,0x20,0x6D,0x75,0x73
0000ac 2074
0000ad 6562
0000ae 3520
0000af 6920      	.DB  0x74,0x20,0x62,0x65,0x20,0x35,0x20,0x69
0000b0 746e
0000b1 6765
0000b2 7265
0000b3 000d      	.DB  0x6E,0x74,0x65,0x67,0x65,0x72,0xD,0x0
0000b4 4c0d
0000b5 6e65
0000b6 7467
0000b7 2068      	.DB  0xD,0x4C,0x65,0x6E,0x67,0x74,0x68,0x20
0000b8 666f
0000b9 6620
0000ba 6172
0000bb 656d      	.DB  0x6F,0x66,0x20,0x66,0x72,0x61,0x6D,0x65
0000bc 6e20
0000bd 746f
0000be 6320
0000bf 726f      	.DB  0x20,0x6E,0x6F,0x74,0x20,0x63,0x6F,0x72
0000c0 6572
0000c1 7463
0000c2 000d
0000c3 4609      	.DB  0x72,0x65,0x63,0x74,0xD,0x0,0x9,0x46
0000c4 6172
0000c5 656d
0000c6 6920
0000c7 2073      	.DB  0x72,0x61,0x6D,0x65,0x20,0x69,0x73,0x20
0000c8 6f63
0000c9 7272
0000ca 6365
0000cb 0d74      	.DB  0x63,0x6F,0x72,0x72,0x65,0x63,0x74,0xD
E:\in progress 2\Microprocessor\Lab\7\EXP7-Amirreza Hosseini\CodeVision\exp7-Q2&Q3-9820363\Debug\List\q2.asm(1182): warning: .cseg .db misalignment - padding zero byte
0000cc 0000      	.DB  0x0
                 _0x2020003:
0000cd c080      	.DB  0x80,0xC0
                 
                 __GLOBAL_INI_TBL:
0000ce 0001      	.DW  0x01
0000cf 0002      	.DW  0x02
0000d0 0066      	.DW  __REG_BIT_VARS*2
                 
0000d1 0006      	.DW  0x06
0000d2 0004      	.DW  0x04
0000d3 0068      	.DW  __REG_VARS*2
                 
0000d4 0005      	.DW  0x05
0000d5 0160      	.DW  _0x20014
0000d6 00b0      	.DW  _0x20000*2
                 
0000d7 0024      	.DW  0x24
0000d8 0165      	.DW  _0x20014+5
0000d9 00b5      	.DW  _0x20000*2+5
                 
0000da 0002      	.DW  0x02
0000db 0189      	.DW  _0x20014+41
0000dc 00dc      	.DW  _0x20000*2+44
                 
0000dd 000c      	.DW  0x0C
0000de 018b      	.DW  _0x20014+43
0000df 00de      	.DW  _0x20000*2+46
                 
0000e0 0032      	.DW  0x32
0000e1 0197      	.DW  _0x20014+55
0000e2 00ea      	.DW  _0x20000*2+58
                 
0000e3 0016      	.DW  0x16
0000e4 01c9      	.DW  _0x20014+105
0000e5 011c      	.DW  _0x20000*2+108
                 
0000e6 0006      	.DW  0x06
0000e7 01df      	.DW  _0x20014+127
0000e8 0132      	.DW  _0x20000*2+130
                 
0000e9 0002      	.DW  0x02
0000ea 01e5      	.DW  _0x20014+133
0000eb 00dc      	.DW  _0x20000*2+44
                 
0000ec 0016      	.DW  0x16
0000ed 01e7      	.DW  _0x20014+135
0000ee 0138      	.DW  _0x20000*2+136
                 
0000ef 0002      	.DW  0x02
0000f0 01fd      	.DW  _0x20014+157
0000f1 00dc      	.DW  _0x20000*2+44
                 
0000f2 001a      	.DW  0x1A
0000f3 01ff      	.DW  _0x20032
0000f4 014e      	.DW  _0x20000*2+158
                 
0000f5 001e      	.DW  0x1E
0000f6 0219      	.DW  _0x20032+26
0000f7 0168      	.DW  _0x20000*2+184
                 
0000f8 0013      	.DW  0x13
0000f9 0237      	.DW  _0x20032+56
0000fa 0186      	.DW  _0x20000*2+214
                 
0000fb 0002      	.DW  0x02
0000fc 025a      	.DW  __base_y_G101
0000fd 019a      	.DW  _0x2020003*2
                 
                 _0xFFFFFFFF:
0000fe 0000      	.DW  0
                 
                 #define __GLOBAL_INI_TBL_PRESENT 1
                 
                 __RESET:
0000ff 94f8      	CLI
000100 27ee      	CLR  R30
000101 bbec      	OUT  EECR,R30
                 
                 ;INTERRUPT VECTORS ARE PLACED
                 ;AT THE START OF FLASH
000102 e0f1      	LDI  R31,1
000103 bffb      	OUT  GICR,R31
000104 bfeb      	OUT  GICR,R30
000105 bfe5      	OUT  MCUCR,R30
                 
                 ;CLEAR R2-R14
000106 e08d      	LDI  R24,(14-2)+1
000107 e0a2      	LDI  R26,2
000108 27bb      	CLR  R27
                 __CLEAR_REG:
000109 93ed      	ST   X+,R30
00010a 958a      	DEC  R24
00010b f7e9      	BRNE __CLEAR_REG
                 
                 ;CLEAR SRAM
00010c e080      	LDI  R24,LOW(__CLEAR_SRAM_SIZE)
00010d e094      	LDI  R25,HIGH(__CLEAR_SRAM_SIZE)
00010e e6a0      	LDI  R26,__SRAM_START
                 __CLEAR_SRAM:
00010f 93ed      	ST   X+,R30
000110 9701      	SBIW R24,1
000111 f7e9      	BRNE __CLEAR_SRAM
                 
                 ;GLOBAL VARIABLES INITIALIZATION
000112 e9ec      	LDI  R30,LOW(__GLOBAL_INI_TBL*2)
000113 e0f1      	LDI  R31,HIGH(__GLOBAL_INI_TBL*2)
                 __GLOBAL_INI_NEXT:
000114 9185      	LPM  R24,Z+
000115 9195      	LPM  R25,Z+
000116 9700      	SBIW R24,0
000117 f061      	BREQ __GLOBAL_INI_END
000118 91a5      	LPM  R26,Z+
000119 91b5      	LPM  R27,Z+
00011a 9005      	LPM  R0,Z+
00011b 9015      	LPM  R1,Z+
00011c 01bf      	MOVW R22,R30
00011d 01f0      	MOVW R30,R0
                 __GLOBAL_INI_LOOP:
00011e 9005      	LPM  R0,Z+
00011f 920d      	ST   X+,R0
000120 9701      	SBIW R24,1
000121 f7e1      	BRNE __GLOBAL_INI_LOOP
000122 01fb      	MOVW R30,R22
000123 cff0      	RJMP __GLOBAL_INI_NEXT
                 __GLOBAL_INI_END:
                 
                 ;HARDWARE STACK POINTER INITIALIZATION
000124 e5ef      	LDI  R30,LOW(__SRAM_END-__HEAP_SIZE)
000125 bfed      	OUT  SPL,R30
000126 e0e4      	LDI  R30,HIGH(__SRAM_END-__HEAP_SIZE)
000127 bfee      	OUT  SPH,R30
                 
                 ;DATA STACK POINTER INITIALIZATION
000128 e6c0      	LDI  R28,LOW(__SRAM_START+__DSTACK_SIZE)
000129 e0d1      	LDI  R29,HIGH(__SRAM_START+__DSTACK_SIZE)
                 
00012a 940c 0190 	JMP  _main
                 
                 	.ESEG
                 	.ORG 0
                 
                 	.DSEG
                 	.ORG 0x160
                 
                 	.CSEG
                 ;/*******************************************************
                 ;This program was created by the
                 ;CodeWizardAVR V3.12 Advanced
                 ;Automatic Program Generator
                 ;© Copyright 1998-2014 Pavel Haiduc, HP InfoTech s.r.l.
                 ;http://www.hpinfotech.com
                 ;
                 ;Project : Amirreza hosseini 9820363
                 ;Version :
                 ;Date    : 5/1/2022
                 ;Author  :
                 ;Company :
                 ;Comments:
                 ;q2
                 ;
                 ;
                 ;Chip type               : ATmega16
                 ;Program type            : Application
                 ;AVR Core Clock frequency: 8.000000 MHz
                 ;Memory model            : Small
                 ;External RAM size       : 0
                 ;Data Stack size         : 256
                 ;*******************************************************/
                 ;
                 ;#include ".\source\myheader.h"
                 	#ifndef __SLEEP_DEFINED__
                 	#define __SLEEP_DEFINED__
                 	.EQU __se_bit=0x40
                 	.EQU __sm_mask=0xB0
                 	.EQU __sm_powerdown=0x20
                 	.EQU __sm_powersave=0x30
                 	.EQU __sm_standby=0xA0
                 	.EQU __sm_ext_standby=0xB0
                 	.EQU __sm_adc_noise_red=0x10
                 	.SET power_ctrl_reg=mcucr
                 	#endif
                 ;
                 ;
                 ;#define DATA_REGISTER_EMPTY (1<<UDRE)
                 ;#define RX_COMPLETE (1<<RXC)
                 ;#define FRAMING_ERROR (1<<FE)
                 ;#define PARITY_ERROR (1<<UPE)
                 ;#define DATA_OVERRUN (1<<DOR)
                 ;
                 ;// USART Receiver buffer
                 ;#define RX_BUFFER_SIZE 8
                 ;char rx_buffer[RX_BUFFER_SIZE];
                 ;
                 ;#if RX_BUFFER_SIZE <= 256
                 ;unsigned char rx_wr_index=0,rx_rd_index=0;
                 ;#else
                 ;unsigned int rx_wr_index=0,rx_rd_index=0;
                 ;#endif
                 ;
                 ;#if RX_BUFFER_SIZE < 256
                 ;unsigned char rx_counter=0;
                 ;#else
                 ;unsigned int rx_counter=0;
                 ;#endif
                 ;
                 ;// This flag is set on USART Receiver buffer overflow
                 ;bit rx_buffer_overflow;
                 ;
                 ;// USART Receiver interrupt service routine
                 ;interrupt [USART_RXC] void usart_rx_isr(void)
                 ; 0000 0037 {
                 
                 	.CSEG
                 _usart_rx_isr:
                 ; .FSTART _usart_rx_isr
00012c 93ea      	ST   -Y,R30
00012d 93fa      	ST   -Y,R31
00012e b7ef      	IN   R30,SREG
00012f 93ea      	ST   -Y,R30
                 ; 0000 0038 char status,data;
                 ; 0000 0039 status=UCSRA;
000130 931a      	ST   -Y,R17
000131 930a      	ST   -Y,R16
                 ;	status -> R17
                 ;	data -> R16
000132 b11b      	IN   R17,11
                 ; 0000 003A data=UDR;
000133 b10c      	IN   R16,12
                 ; 0000 003B if ((status & (FRAMING_ERROR | PARITY_ERROR | DATA_OVERRUN))==0)
000134 2fe1      	MOV  R30,R17
000135 71ec      	ANDI R30,LOW(0x1C)
000136 f489      	BRNE _0x3
                 ; 0000 003C    {
                 ; 0000 003D    rx_buffer[rx_wr_index++]=data;
000137 2de5      	MOV  R30,R5
000138 9453      	INC  R5
000139 e0f0      	LDI  R31,0
00013a 5be6      	SUBI R30,LOW(-_rx_buffer)
00013b 4ffd      	SBCI R31,HIGH(-_rx_buffer)
00013c 8300      	ST   Z,R16
                 ; 0000 003E #if RX_BUFFER_SIZE == 256
                 ; 0000 003F    // special case for receiver buffer size=256
                 ; 0000 0040    if (++rx_counter == 0) rx_buffer_overflow=1;
                 ; 0000 0041 #else
                 ; 0000 0042    if (rx_wr_index == RX_BUFFER_SIZE) rx_wr_index=0;
00013d e0e8      	LDI  R30,LOW(8)
00013e 15e5      	CP   R30,R5
00013f f409      	BRNE _0x4
000140 2455      	CLR  R5
                 ; 0000 0043    if (++rx_counter == RX_BUFFER_SIZE)
                 _0x4:
000141 9473      	INC  R7
000142 e0e8      	LDI  R30,LOW(8)
000143 15e7      	CP   R30,R7
000144 f419      	BRNE _0x5
                 ; 0000 0044       {
                 ; 0000 0045       rx_counter=0;
000145 2477      	CLR  R7
                 ; 0000 0046       rx_buffer_overflow=1;
000146 9468      	SET
000147 f820      	BLD  R2,0
                 ; 0000 0047       }
                 ; 0000 0048 #endif
                 ; 0000 0049    }
                 _0x5:
                 ; 0000 004A }
                 _0x3:
000148 9109      	LD   R16,Y+
000149 9119      	LD   R17,Y+
00014a c025      	RJMP _0x18
                 ; .FEND
                 ;
                 ;#ifndef _DEBUG_TERMINAL_IO_
                 ;// Get a character from the USART Receiver buffer
                 ;#define _ALTERNATE_GETCHAR_
                 ;#pragma used+
                 ;char getchar(void)
                 ; 0000 0051 {
                 _getchar:
                 ; .FSTART _getchar
                 ; 0000 0052 char data;
                 ; 0000 0053 while (rx_counter==0);
00014b 931a      	ST   -Y,R17
                 ;	data -> R17
                 _0x6:
00014c 2077      	TST  R7
00014d f3f1      	BREQ _0x6
                 ; 0000 0054 data=rx_buffer[rx_rd_index++];
00014e 2de4      	MOV  R30,R4
00014f 9443      	INC  R4
000150 e0f0      	LDI  R31,0
000151 5be6      	SUBI R30,LOW(-_rx_buffer)
000152 4ffd      	SBCI R31,HIGH(-_rx_buffer)
000153 8110      	LD   R17,Z
                 ; 0000 0055 #if RX_BUFFER_SIZE != 256
                 ; 0000 0056 if (rx_rd_index == RX_BUFFER_SIZE) rx_rd_index=0;
000154 e0e8      	LDI  R30,LOW(8)
000155 15e4      	CP   R30,R4
000156 f409      	BRNE _0x9
000157 2444      	CLR  R4
                 ; 0000 0057 #endif
                 ; 0000 0058 #asm("cli")
                 _0x9:
000158 94f8      	cli
                 ; 0000 0059 --rx_counter;
000159 947a      	DEC  R7
                 ; 0000 005A #asm("sei")
00015a 9478      	sei
                 ; 0000 005B return data;
00015b 2fe1      	MOV  R30,R17
00015c 9119      	LD   R17,Y+
00015d 9508      	RET
                 ; 0000 005C }
                 ; .FEND
                 ;#pragma used-
                 ;#endif
                 ;
                 ;// USART Transmitter buffer
                 ;#define TX_BUFFER_SIZE 8
                 ;char tx_buffer[TX_BUFFER_SIZE];
                 ;
                 ;#if TX_BUFFER_SIZE <= 256
                 ;unsigned char tx_wr_index=0,tx_rd_index=0;
                 ;#else
                 ;unsigned int tx_wr_index=0,tx_rd_index=0;
                 ;#endif
                 ;
                 ;#if TX_BUFFER_SIZE < 256
                 ;unsigned char tx_counter=0;
                 ;#else
                 ;unsigned int tx_counter=0;
                 ;#endif
                 ;
                 ;// USART Transmitter interrupt service routine
                 ;interrupt [USART_TXC] void usart_tx_isr(void)
                 ; 0000 0072 {
                 _usart_tx_isr:
                 ; .FSTART _usart_tx_isr
00015e 93ea      	ST   -Y,R30
00015f 93fa      	ST   -Y,R31
000160 b7ef      	IN   R30,SREG
000161 93ea      	ST   -Y,R30
                 ; 0000 0073 if (tx_counter)
000162 2088      	TST  R8
000163 f061      	BREQ _0xA
                 ; 0000 0074    {
                 ; 0000 0075    --tx_counter;
000164 948a      	DEC  R8
                 ; 0000 0076    UDR=tx_buffer[tx_rd_index++];
000165 2de9      	MOV  R30,R9
000166 9493      	INC  R9
000167 e0f0      	LDI  R31,0
000168 5aee      	SUBI R30,LOW(-_tx_buffer)
000169 4ffd      	SBCI R31,HIGH(-_tx_buffer)
00016a 81e0      	LD   R30,Z
00016b b9ec      	OUT  0xC,R30
                 ; 0000 0077 #if TX_BUFFER_SIZE != 256
                 ; 0000 0078    if (tx_rd_index == TX_BUFFER_SIZE) tx_rd_index=0;
00016c e0e8      	LDI  R30,LOW(8)
00016d 15e9      	CP   R30,R9
00016e f409      	BRNE _0xB
00016f 2499      	CLR  R9
                 ; 0000 0079 #endif
                 ; 0000 007A    }
                 _0xB:
                 ; 0000 007B }
                 _0xA:
                 _0x18:
000170 91e9      	LD   R30,Y+
000171 bfef      	OUT  SREG,R30
000172 91f9      	LD   R31,Y+
000173 91e9      	LD   R30,Y+
000174 9518      	RETI
                 ; .FEND
                 ;
                 ;#ifndef _DEBUG_TERMINAL_IO_
                 ;// Write a character to the USART Transmitter buffer
                 ;#define _ALTERNATE_PUTCHAR_
                 ;#pragma used+
                 ;void putchar(char c)
                 ; 0000 0082 {
                 _putchar:
                 ; .FSTART _putchar
                 ; 0000 0083 while (tx_counter == TX_BUFFER_SIZE);
000175 93aa      	ST   -Y,R26
                 ;	c -> Y+0
                 _0xC:
000176 e0e8      	LDI  R30,LOW(8)
000177 15e8      	CP   R30,R8
000178 f3e9      	BREQ _0xC
                 ; 0000 0084 #asm("cli")
000179 94f8      	cli
                 ; 0000 0085 if (tx_counter || ((UCSRA & DATA_REGISTER_EMPTY)==0))
00017a 2088      	TST  R8
00017b f411      	BRNE _0x10
00017c 995d      	SBIC 0xB,5
00017d c00d      	RJMP _0xF
                 _0x10:
                 ; 0000 0086    {
                 ; 0000 0087    tx_buffer[tx_wr_index++]=c;
00017e 2de6      	MOV  R30,R6
00017f 9463      	INC  R6
000180 e0f0      	LDI  R31,0
000181 5aee      	SUBI R30,LOW(-_tx_buffer)
000182 4ffd      	SBCI R31,HIGH(-_tx_buffer)
000183 81a8      	LD   R26,Y
000184 83a0      	STD  Z+0,R26
                 ; 0000 0088 #if TX_BUFFER_SIZE != 256
                 ; 0000 0089    if (tx_wr_index == TX_BUFFER_SIZE) tx_wr_index=0;
000185 e0e8      	LDI  R30,LOW(8)
000186 15e6      	CP   R30,R6
000187 f409      	BRNE _0x12
000188 2466      	CLR  R6
                 ; 0000 008A #endif
                 ; 0000 008B    ++tx_counter;
                 _0x12:
000189 9483      	INC  R8
                 ; 0000 008C    }
                 ; 0000 008D else
00018a c002      	RJMP _0x13
                 _0xF:
                 ; 0000 008E    UDR=c;
00018b 81e8      	LD   R30,Y
00018c b9ec      	OUT  0xC,R30
                 ; 0000 008F #asm("sei")
                 _0x13:
00018d 9478      	sei
                 ; 0000 0090 }
00018e 940c 02dd 	JMP  _0x2080001
                 ; .FEND
                 ;#pragma used-
                 ;#endif
                 ;
                 ;// Standard Input/Output functions
                 ;#include <stdio.h>
                 ;
                 ;void main(void)
                 ; 0000 0098 {
                 _main:
                 ; .FSTART _main
                 ; 0000 0099 // Declare your local variables here
                 ; 0000 009A 
                 ; 0000 009B // Input/Output Ports initialization
                 ; 0000 009C // Port A initialization
                 ; 0000 009D // Function: Bit7=In Bit6=In Bit5=In Bit4=In Bit3=In Bit2=In Bit1=In Bit0=In
                 ; 0000 009E DDRA=(0<<DDA7) | (0<<DDA6) | (0<<DDA5) | (0<<DDA4) | (0<<DDA3) | (0<<DDA2) | (0<<DDA1) | (0<<DDA0);
000190 e0e0      	LDI  R30,LOW(0)
000191 bbea      	OUT  0x1A,R30
                 ; 0000 009F // State: Bit7=T Bit6=T Bit5=T Bit4=T Bit3=T Bit2=T Bit1=T Bit0=T
                 ; 0000 00A0 PORTA=(0<<PORTA7) | (0<<PORTA6) | (0<<PORTA5) | (0<<PORTA4) | (0<<PORTA3) | (0<<PORTA2) | (0<<PORTA1) | (0<<PORTA0);
000192 bbeb      	OUT  0x1B,R30
                 ; 0000 00A1 
                 ; 0000 00A2 // Port B initialization
                 ; 0000 00A3 // Function: Bit7=In Bit6=In Bit5=In Bit4=In Bit3=In Bit2=In Bit1=In Bit0=In
                 ; 0000 00A4 DDRB=(0<<DDB7) | (0<<DDB6) | (0<<DDB5) | (0<<DDB4) | (0<<DDB3) | (0<<DDB2) | (0<<DDB1) | (0<<DDB0);
000193 bbe7      	OUT  0x17,R30
                 ; 0000 00A5 // State: Bit7=T Bit6=T Bit5=T Bit4=T Bit3=T Bit2=T Bit1=T Bit0=T
                 ; 0000 00A6 PORTB=(0<<PORTB7) | (0<<PORTB6) | (0<<PORTB5) | (0<<PORTB4) | (0<<PORTB3) | (0<<PORTB2) | (0<<PORTB1) | (0<<PORTB0);
000194 bbe8      	OUT  0x18,R30
                 ; 0000 00A7 
                 ; 0000 00A8 // Port C initialization
                 ; 0000 00A9 // Function: Bit7=In Bit6=In Bit5=In Bit4=In Bit3=In Bit2=In Bit1=In Bit0=In
                 ; 0000 00AA DDRC=(0<<DDC7) | (0<<DDC6) | (0<<DDC5) | (0<<DDC4) | (0<<DDC3) | (0<<DDC2) | (0<<DDC1) | (0<<DDC0);
000195 bbe4      	OUT  0x14,R30
                 ; 0000 00AB // State: Bit7=T Bit6=T Bit5=T Bit4=T Bit3=T Bit2=T Bit1=T Bit0=T
                 ; 0000 00AC PORTC=(0<<PORTC7) | (0<<PORTC6) | (0<<PORTC5) | (0<<PORTC4) | (0<<PORTC3) | (0<<PORTC2) | (0<<PORTC1) | (0<<PORTC0);
000196 bbe5      	OUT  0x15,R30
                 ; 0000 00AD 
                 ; 0000 00AE // Port D initialization
                 ; 0000 00AF // Function: Bit7=In Bit6=In Bit5=In Bit4=In Bit3=In Bit2=In Bit1=In Bit0=In
                 ; 0000 00B0 DDRD=(0<<DDD7) | (0<<DDD6) | (0<<DDD5) | (0<<DDD4) | (0<<DDD3) | (0<<DDD2) | (0<<DDD1) | (0<<DDD0);
000197 bbe1      	OUT  0x11,R30
                 ; 0000 00B1 // State: Bit7=T Bit6=T Bit5=T Bit4=T Bit3=T Bit2=T Bit1=T Bit0=T
                 ; 0000 00B2 PORTD=(0<<PORTD7) | (0<<PORTD6) | (0<<PORTD5) | (0<<PORTD4) | (0<<PORTD3) | (0<<PORTD2) | (0<<PORTD1) | (0<<PORTD0);
000198 bbe2      	OUT  0x12,R30
                 ; 0000 00B3 
                 ; 0000 00B4 // USART initialization
                 ; 0000 00B5 // Communication Parameters: 8 Data, 1 Stop, No Parity
                 ; 0000 00B6 // USART Receiver: On
                 ; 0000 00B7 // USART Transmitter: On
                 ; 0000 00B8 // USART Mode: Asynchronous
                 ; 0000 00B9 // USART Baud Rate: 9600
                 ; 0000 00BA UCSRA=(0<<RXC) | (0<<TXC) | (0<<UDRE) | (0<<FE) | (0<<DOR) | (0<<UPE) | (0<<U2X) | (0<<MPCM);
000199 b9eb      	OUT  0xB,R30
                 ; 0000 00BB UCSRB=(1<<RXCIE) | (1<<TXCIE) | (0<<UDRIE) | (1<<RXEN) | (1<<TXEN) | (0<<UCSZ2) | (0<<RXB8) | (0<<TXB8);
00019a ede8      	LDI  R30,LOW(216)
00019b b9ea      	OUT  0xA,R30
                 ; 0000 00BC UCSRC=(1<<URSEL) | (0<<UMSEL) | (0<<UPM1) | (0<<UPM0) | (0<<USBS) | (1<<UCSZ1) | (1<<UCSZ0) | (0<<UCPOL);
00019c e8e6      	LDI  R30,LOW(134)
00019d bde0      	OUT  0x20,R30
                 ; 0000 00BD UBRRH=0x00;
00019e e0e0      	LDI  R30,LOW(0)
00019f bde0      	OUT  0x20,R30
                 ; 0000 00BE UBRRL=0x33;
0001a0 e3e3      	LDI  R30,LOW(51)
0001a1 b9e9      	OUT  0x9,R30
                 ; 0000 00BF 
                 ; 0000 00C0 // Alphanumeric LCD initialization
                 ; 0000 00C1 // Connections are specified in the
                 ; 0000 00C2 // Project|Configure|C Compiler|Libraries|Alphanumeric LCD menu:
                 ; 0000 00C3 // RS - PORTC Bit 0
                 ; 0000 00C4 // RD - PORTC Bit 1
                 ; 0000 00C5 // EN - PORTC Bit 2
                 ; 0000 00C6 // D4 - PORTC Bit 4
                 ; 0000 00C7 // D5 - PORTC Bit 5
                 ; 0000 00C8 // D6 - PORTC Bit 6
                 ; 0000 00C9 // D7 - PORTC Bit 7
                 ; 0000 00CA // Characters/line: 16
                 ; 0000 00CB lcd_init(16);
0001a2 e1a0      	LDI  R26,LOW(16)
0001a3 940e 02b1 	CALL _lcd_init
                 ; 0000 00CC 
                 ; 0000 00CD // Global enable interrupts
                 ; 0000 00CE #asm("sei")
0001a5 9478      	sei
                 ; 0000 00CF 
                 ; 0000 00D0 while (1)
                 _0x14:
                 ; 0000 00D1       {
                 ; 0000 00D2       // Place your code here
                 ; 0000 00D3 
                 ; 0000 00D4      // q2();
                 ; 0000 00D5       q3();
0001a6 d002      	RCALL _q3
                 ; 0000 00D6       }
0001a7 cffe      	RJMP _0x14
                 ; 0000 00D7 }
                 _0x17:
0001a8 cfff      	RJMP _0x17
                 ; .FEND
                 ;
                 ;
                 ;#include ".\source\allheaders.h"
                 	#ifndef __SLEEP_DEFINED__
                 	#endif
                 ;
                 ;void q2(void)
                 ; 0001 0004 {
                 
                 	.CSEG
                 ; 0001 0005     unsigned char input='';
                 ; 0001 0006     int a=0;
                 ; 0001 0007     unsigned char str[3]="";
                 ; 0001 0008     input = getchar();
                 ;	input -> R17
                 ;	a -> R18,R19
                 ;	str -> Y+4
                 ; 0001 0009     switch (input){
                 ; 0001 000A         case '0':
                 ; 0001 000B             a=0;
                 ; 0001 000C             break;
                 ; 0001 000D         case '1':
                 ; 0001 000E             a=1;
                 ; 0001 000F             break;
                 ; 0001 0010         case '2':
                 ; 0001 0011             a=2;
                 ; 0001 0012             break;
                 ; 0001 0013         case '3':
                 ; 0001 0014             a=3;
                 ; 0001 0015             break;
                 ; 0001 0016         case '4':
                 ; 0001 0017             a=4;
                 ; 0001 0018             break;
                 ; 0001 0019         case '5':
                 ; 0001 001A             a=5;
                 ; 0001 001B             break;
                 ; 0001 001C         case '6':
                 ; 0001 001D             a=6;
                 ; 0001 001E             break;
                 ; 0001 001F         case '7':
                 ; 0001 0020             a=7;
                 ; 0001 0021             break;
                 ; 0001 0022         case '8':
                 ; 0001 0023             a=8;
                 ; 0001 0024             break;
                 ; 0001 0025         case '9':
                 ; 0001 0026             a=9;
                 ; 0001 0027             break;
                 ; 0001 0028         default:
                 ; 0001 0029             a=100;
                 ; 0001 002A     }
                 ; 0001 002B     if( a>=0 && a<10){
                 ; 0001 002C         puts("\rTx:");
                 ; 0001 002D         putchar(input);
                 ; 0001 002E         puts("\rRx: Data is a integer and 10*data=");
                 ; 0001 002F         a=a*10;
                 ; 0001 0030         sprintf(str, "%d", a);
                 ; 0001 0031         puts(str);
                 ; 0001 0032         puts("\r");
                 ; 0001 0033      }
                 ; 0001 0034 
                 ; 0001 0035     else if(input=='D'){
                 ; 0001 0036         lcd_puts("LCD Deleted");
                 ; 0001 0037     }
                 ; 0001 0038 
                 ; 0001 0039     else if(input=='H'){
                 ; 0001 003A         puts("\rMicro processor Lab in Pandemic of Corona Virus\r");
                 ; 0001 003B     }
                 ; 0001 003C     else if(input=='E'){
                 ; 0001 003D         puts("\rRx: END of the part\r");
                 ; 0001 003E     }
                 ; 0001 003F     else {
                 ; 0001 0040         puts("\rTx: ");
                 ; 0001 0041         putchar(input);
                 ; 0001 0042         puts("\r");
                 ; 0001 0043         puts("\rRx: input letter is:");
                 ; 0001 0044         putchar(input);
                 ; 0001 0045         puts("\r");
                 ; 0001 0046     }
                 ; 0001 0047 
                 ; 0001 0048 }
                 
                 	.DSEG
                 _0x20014:
000160           	.BYTE 0x9F
                 ;
                 ;void q3(void)
                 ; 0001 004B {
                 
                 	.CSEG
                 _q3:
                 ; .FSTART _q3
                 ; 0001 004C     unsigned char my_data[64]="";
                 ; 0001 004D     unsigned char in4='';
                 ; 0001 004E     int i=0;
                 ; 0001 004F     int a=0;
                 ; 0001 0050     int j=0;
                 ; 0001 0051     in4 = getchar();
0001a9 97ef      	SBIW R28,63
0001aa 9723      	SBIW R28,3
0001ab e482      	LDI  R24,66
0001ac e0a0      	LDI  R26,LOW(0)
0001ad e0b0      	LDI  R27,HIGH(0)
0001ae e6ee      	LDI  R30,LOW(_0x2001C*2)
0001af e0f0      	LDI  R31,HIGH(_0x2001C*2)
0001b0 940e 031a 	CALL __INITLOCB
0001b2 940e 030c 	CALL __SAVELOCR6
                 ;	my_data -> Y+8
                 ;	in4 -> R17
                 ;	i -> R18,R19
                 ;	a -> R20,R21
                 ;	j -> Y+6
0001b4 e010      	LDI  R17,0
                +
0001b5 e020     +LDI R18 , LOW ( 0 )
0001b6 e030     +LDI R19 , HIGH ( 0 )
                 	__GETWRN 18,19,0
                +
0001b7 e040     +LDI R20 , LOW ( 0 )
0001b8 e050     +LDI R21 , HIGH ( 0 )
                 	__GETWRN 20,21,0
0001b9 940e 02df 	CALL SUBOPT_0x0
                 ; 0001 0052     putchar(in4);
                 ; 0001 0053     my_data[0]='(';
0001bb e2e8      	LDI  R30,LOW(40)
0001bc 87e8      	STD  Y+8,R30
                 ; 0001 0054     i++;
                +
0001bd 5f2f     +SUBI R18 , LOW ( - 1 )
0001be 4f3f     +SBCI R19 , HIGH ( - 1 )
                 	__ADDWRN 18,19,1
                 ; 0001 0055     while (in4!='\r'){
                 _0x2001D:
0001bf 301d      	CPI  R17,13
0001c0 f059      	BREQ _0x2001F
                 ; 0001 0056         my_data[i]=in4;
0001c1 01f9      	MOVW R30,R18
0001c2 01de      	MOVW R26,R28
0001c3 9618      	ADIW R26,8
0001c4 0fea      	ADD  R30,R26
0001c5 1ffb      	ADC  R31,R27
0001c6 8310      	ST   Z,R17
                 ; 0001 0057         in4 = getchar();
0001c7 940e 02df 	CALL SUBOPT_0x0
                 ; 0001 0058         putchar(in4);
                 ; 0001 0059         i++;
                +
0001c9 5f2f     +SUBI R18 , LOW ( - 1 )
0001ca 4f3f     +SBCI R19 , HIGH ( - 1 )
                 	__ADDWRN 18,19,1
                 ; 0001 005A     }
0001cb cff3      	RJMP _0x2001D
                 _0x2001F:
                 ; 0001 005B     my_data[i]=')';
0001cc 01de      	MOVW R26,R28
0001cd 9618      	ADIW R26,8
0001ce 0fa2      	ADD  R26,R18
0001cf 1fb3      	ADC  R27,R19
0001d0 e2e9      	LDI  R30,LOW(41)
0001d1 93ec      	ST   X,R30
                 ; 0001 005C     for (j=0;my_data[j]!=')';j++){
0001d2 e0e0      	LDI  R30,LOW(0)
0001d3 83ee      	STD  Y+6,R30
0001d4 83ef      	STD  Y+6+1,R30
                 _0x20021:
0001d5 940e 02e5 	CALL SUBOPT_0x1
0001d7 91ac      	LD   R26,X
0001d8 32a9      	CPI  R26,LOW(0x29)
0001d9 f409      	BRNE PC+2
0001da c052      	RJMP _0x20022
                 ; 0001 005D         switch (my_data[j]){
0001db 940e 02e5 	CALL SUBOPT_0x1
0001dd 91ec      	LD   R30,X
0001de e0f0      	LDI  R31,0
                 ; 0001 005E         case '0':
0001df 33e0      	CPI  R30,LOW(0x30)
0001e0 e0a0      	LDI  R26,HIGH(0x30)
0001e1 07fa      	CPC  R31,R26
0001e2 f419      	BRNE _0x20026
                 ; 0001 005F             a=0;
                +
0001e3 e040     +LDI R20 , LOW ( 0 )
0001e4 e050     +LDI R21 , HIGH ( 0 )
                 	__GETWRN 20,21,0
                 ; 0001 0060             break;
0001e5 c041      	RJMP _0x20025
                 ; 0001 0061         case '1':
                 _0x20026:
0001e6 33e1      	CPI  R30,LOW(0x31)
0001e7 e0a0      	LDI  R26,HIGH(0x31)
0001e8 07fa      	CPC  R31,R26
0001e9 f419      	BRNE _0x20027
                 ; 0001 0062             a=1;
                +
0001ea e041     +LDI R20 , LOW ( 1 )
0001eb e050     +LDI R21 , HIGH ( 1 )
                 	__GETWRN 20,21,1
                 ; 0001 0063             break;
0001ec c03a      	RJMP _0x20025
                 ; 0001 0064         case '2':
                 _0x20027:
0001ed 33e2      	CPI  R30,LOW(0x32)
0001ee e0a0      	LDI  R26,HIGH(0x32)
0001ef 07fa      	CPC  R31,R26
0001f0 f419      	BRNE _0x20028
                 ; 0001 0065             a=2;
                +
0001f1 e042     +LDI R20 , LOW ( 2 )
0001f2 e050     +LDI R21 , HIGH ( 2 )
                 	__GETWRN 20,21,2
                 ; 0001 0066             break;
0001f3 c033      	RJMP _0x20025
                 ; 0001 0067         case '3':
                 _0x20028:
0001f4 33e3      	CPI  R30,LOW(0x33)
0001f5 e0a0      	LDI  R26,HIGH(0x33)
0001f6 07fa      	CPC  R31,R26
0001f7 f419      	BRNE _0x20029
                 ; 0001 0068             a=3;
                +
0001f8 e043     +LDI R20 , LOW ( 3 )
0001f9 e050     +LDI R21 , HIGH ( 3 )
                 	__GETWRN 20,21,3
                 ; 0001 0069             break;
0001fa c02c      	RJMP _0x20025
                 ; 0001 006A         case '4':
                 _0x20029:
0001fb 33e4      	CPI  R30,LOW(0x34)
0001fc e0a0      	LDI  R26,HIGH(0x34)
0001fd 07fa      	CPC  R31,R26
0001fe f419      	BRNE _0x2002A
                 ; 0001 006B             a=4;
                +
0001ff e044     +LDI R20 , LOW ( 4 )
000200 e050     +LDI R21 , HIGH ( 4 )
                 	__GETWRN 20,21,4
                 ; 0001 006C             break;
000201 c025      	RJMP _0x20025
                 ; 0001 006D         case '5':
                 _0x2002A:
000202 33e5      	CPI  R30,LOW(0x35)
000203 e0a0      	LDI  R26,HIGH(0x35)
000204 07fa      	CPC  R31,R26
000205 f419      	BRNE _0x2002B
                 ; 0001 006E             a=5;
                +
000206 e045     +LDI R20 , LOW ( 5 )
000207 e050     +LDI R21 , HIGH ( 5 )
                 	__GETWRN 20,21,5
                 ; 0001 006F             break;
000208 c01e      	RJMP _0x20025
                 ; 0001 0070         case '6':
                 _0x2002B:
000209 33e6      	CPI  R30,LOW(0x36)
00020a e0a0      	LDI  R26,HIGH(0x36)
00020b 07fa      	CPC  R31,R26
00020c f419      	BRNE _0x2002C
                 ; 0001 0071             a=6;
                +
00020d e046     +LDI R20 , LOW ( 6 )
00020e e050     +LDI R21 , HIGH ( 6 )
                 	__GETWRN 20,21,6
                 ; 0001 0072             break;
00020f c017      	RJMP _0x20025
                 ; 0001 0073         case '7':
                 _0x2002C:
000210 33e7      	CPI  R30,LOW(0x37)
000211 e0a0      	LDI  R26,HIGH(0x37)
000212 07fa      	CPC  R31,R26
000213 f419      	BRNE _0x2002D
                 ; 0001 0074             a=7;
                +
000214 e047     +LDI R20 , LOW ( 7 )
000215 e050     +LDI R21 , HIGH ( 7 )
                 	__GETWRN 20,21,7
                 ; 0001 0075             break;
000216 c010      	RJMP _0x20025
                 ; 0001 0076         case '8':
                 _0x2002D:
000217 33e8      	CPI  R30,LOW(0x38)
000218 e0a0      	LDI  R26,HIGH(0x38)
000219 07fa      	CPC  R31,R26
00021a f419      	BRNE _0x2002E
                 ; 0001 0077             a=8;
                +
00021b e048     +LDI R20 , LOW ( 8 )
00021c e050     +LDI R21 , HIGH ( 8 )
                 	__GETWRN 20,21,8
                 ; 0001 0078             break;
00021d c009      	RJMP _0x20025
                 ; 0001 0079         case '9':
                 _0x2002E:
00021e 33e9      	CPI  R30,LOW(0x39)
00021f e0a0      	LDI  R26,HIGH(0x39)
000220 07fa      	CPC  R31,R26
000221 f419      	BRNE _0x20030
                 ; 0001 007A             a=9;
                +
000222 e049     +LDI R20 , LOW ( 9 )
000223 e050     +LDI R21 , HIGH ( 9 )
                 	__GETWRN 20,21,9
                 ; 0001 007B             break;
000224 c002      	RJMP _0x20025
                 ; 0001 007C         default:
                 _0x20030:
                 ; 0001 007D             a=100;
                +
000225 e644     +LDI R20 , LOW ( 100 )
000226 e050     +LDI R21 , HIGH ( 100 )
                 	__GETWRN 20,21,100
                 ; 0001 007E     }
                 _0x20025:
                 ; 0001 007F     }
000227 81ee      	LDD  R30,Y+6
000228 81ff      	LDD  R31,Y+6+1
000229 9631      	ADIW R30,1
00022a 83ee      	STD  Y+6,R30
00022b 83ff      	STD  Y+6+1,R31
00022c cfa8      	RJMP _0x20021
                 _0x20022:
                 ; 0001 0080     if (a>9){
                +
00022d 304a     +CPI R20 , LOW ( 10 )
00022e e0e0     +LDI R30 , HIGH ( 10 )
00022f 075e     +CPC R21 , R30
                 	__CPWRN 20,21,10
000230 f024      	BRLT _0x20031
                 ; 0001 0081        puts("\rFrame must be 5 integer\r");
                +
000231 efaf     +LDI R26 , LOW ( _0x20032 + ( 0 ) )
000232 e0b1     +LDI R27 , HIGH ( _0x20032 + ( 0 ) )
                 	__POINTW2MN _0x20032,0
000233 d016      	RCALL _puts
                 ; 0001 0082     }
                 ; 0001 0083     else if(i!=6){
000234 c010      	RJMP _0x20033
                 _0x20031:
000235 e0e6      	LDI  R30,LOW(6)
000236 e0f0      	LDI  R31,HIGH(6)
000237 17e2      	CP   R30,R18
000238 07f3      	CPC  R31,R19
000239 f021      	BREQ _0x20034
                 ; 0001 0084         puts("\rLength of frame not correct\r");
                +
00023a e1a9     +LDI R26 , LOW ( _0x20032 + ( 26 ) )
00023b e0b2     +LDI R27 , HIGH ( _0x20032 + ( 26 ) )
                 	__POINTW2MN _0x20032,26
00023c d00d      	RCALL _puts
                 ; 0001 0085     }
                 ; 0001 0086     else {
00023d c007      	RJMP _0x20035
                 _0x20034:
                 ; 0001 0087         puts("\tFrame is correct\r");
                +
00023e e3a7     +LDI R26 , LOW ( _0x20032 + ( 56 ) )
00023f e0b2     +LDI R27 , HIGH ( _0x20032 + ( 56 ) )
                 	__POINTW2MN _0x20032,56
000240 d009      	RCALL _puts
                 ; 0001 0088         lcd_puts(my_data);
000241 01de      	MOVW R26,R28
000242 9618      	ADIW R26,8
000243 940e 02a5 	CALL _lcd_puts
                 ; 0001 0089     }
                 _0x20035:
                 _0x20033:
                 ; 0001 008A }
000245 940e 0313 	CALL __LOADLOCR6
000247 96ef      	ADIW R28,63
000248 9629      	ADIW R28,9
000249 9508      	RET
                 ; .FEND
                 
                 	.DSEG
                 _0x20032:
0001ff           	.BYTE 0x4B
                 	#ifndef __SLEEP_DEFINED__
                 	#endif
                 
                 	.CSEG
                 _puts:
                 ; .FSTART _puts
00024a 93ba      	ST   -Y,R27
00024b 93aa      	ST   -Y,R26
00024c 931a      	ST   -Y,R17
                 _0x2000003:
00024d 940e 02ec 	CALL SUBOPT_0x2
00024f f021      	BREQ _0x2000005
000250 2fa1      	MOV  R26,R17
000251 940e 0175 	CALL _putchar
000253 cff9      	RJMP _0x2000003
                 _0x2000005:
000254 e0aa      	LDI  R26,LOW(10)
000255 940e 0175 	CALL _putchar
000257 c056      	RJMP _0x2080002
                 ; .FEND
                 	#ifndef __SLEEP_DEFINED__
                 	#endif
                 
                 	.DSEG
                 
                 	.CSEG
                 __lcd_write_nibble_G101:
                 ; .FSTART __lcd_write_nibble_G101
000258 93aa      	ST   -Y,R26
000259 b3e5      	IN   R30,0x15
00025a 70ef      	ANDI R30,LOW(0xF)
00025b 2fae      	MOV  R26,R30
00025c 81e8      	LD   R30,Y
00025d 7fe0      	ANDI R30,LOW(0xF0)
00025e 2bea      	OR   R30,R26
00025f bbe5      	OUT  0x15,R30
                +
000260 e08d     +LDI R24 , LOW ( 13 )
                +__DELAY_USB_LOOP :
000261 958a     +DEC R24
000262 f7f1     +BRNE __DELAY_USB_LOOP
                 	__DELAY_USB 13
000263 9aaa      	SBI  0x15,2
                +
000264 e08d     +LDI R24 , LOW ( 13 )
                +__DELAY_USB_LOOP :
000265 958a     +DEC R24
000266 f7f1     +BRNE __DELAY_USB_LOOP
                 	__DELAY_USB 13
000267 98aa      	CBI  0x15,2
                +
000268 e08d     +LDI R24 , LOW ( 13 )
                +__DELAY_USB_LOOP :
000269 958a     +DEC R24
00026a f7f1     +BRNE __DELAY_USB_LOOP
                 	__DELAY_USB 13
00026b c071      	RJMP _0x2080001
                 ; .FEND
                 __lcd_write_data:
                 ; .FSTART __lcd_write_data
00026c 93aa      	ST   -Y,R26
00026d 81a8      	LD   R26,Y
00026e dfe9      	RCALL __lcd_write_nibble_G101
00026f 81e8          ld    r30,y
000270 95e2          swap  r30
000271 83e8          st    y,r30
000272 81a8      	LD   R26,Y
000273 dfe4      	RCALL __lcd_write_nibble_G101
                +
000274 e885     +LDI R24 , LOW ( 133 )
                +__DELAY_USB_LOOP :
000275 958a     +DEC R24
000276 f7f1     +BRNE __DELAY_USB_LOOP
                 	__DELAY_USB 133
000277 c065      	RJMP _0x2080001
                 ; .FEND
                 _lcd_gotoxy:
                 ; .FSTART _lcd_gotoxy
000278 93aa      	ST   -Y,R26
000279 81e8      	LD   R30,Y
00027a e0f0      	LDI  R31,0
00027b 5ae6      	SUBI R30,LOW(-__base_y_G101)
00027c 4ffd      	SBCI R31,HIGH(-__base_y_G101)
00027d 81e0      	LD   R30,Z
00027e 81a9      	LDD  R26,Y+1
00027f 0fae      	ADD  R26,R30
000280 dfeb      	RCALL __lcd_write_data
000281 80b9      	LDD  R11,Y+1
000282 80a8      	LDD  R10,Y+0
000283 9622      	ADIW R28,2
000284 9508      	RET
                 ; .FEND
                 _lcd_clear:
                 ; .FSTART _lcd_clear
000285 e0a2      	LDI  R26,LOW(2)
000286 940e 02f4 	CALL SUBOPT_0x3
000288 e0ac      	LDI  R26,LOW(12)
000289 dfe2      	RCALL __lcd_write_data
00028a e0a1      	LDI  R26,LOW(1)
00028b 940e 02f4 	CALL SUBOPT_0x3
00028d e0e0      	LDI  R30,LOW(0)
00028e 2eae      	MOV  R10,R30
00028f 2ebe      	MOV  R11,R30
000290 9508      	RET
                 ; .FEND
                 _lcd_putchar:
                 ; .FSTART _lcd_putchar
000291 93aa      	ST   -Y,R26
000292 81a8      	LD   R26,Y
000293 30aa      	CPI  R26,LOW(0xA)
000294 f011      	BREQ _0x2020005
000295 14bd      	CP   R11,R13
000296 f040      	BRLO _0x2020004
                 _0x2020005:
000297 e0e0      	LDI  R30,LOW(0)
000298 93ea      	ST   -Y,R30
000299 94a3      	INC  R10
00029a 2daa      	MOV  R26,R10
00029b dfdc      	RCALL _lcd_gotoxy
00029c 81a8      	LD   R26,Y
00029d 30aa      	CPI  R26,LOW(0xA)
00029e f1f1      	BREQ _0x2080001
                 _0x2020004:
00029f 94b3      	INC  R11
0002a0 9aa8      	SBI  0x15,0
0002a1 81a8      	LD   R26,Y
0002a2 dfc9      	RCALL __lcd_write_data
0002a3 98a8      	CBI  0x15,0
0002a4 c038      	RJMP _0x2080001
                 ; .FEND
                 _lcd_puts:
                 ; .FSTART _lcd_puts
0002a5 93ba      	ST   -Y,R27
0002a6 93aa      	ST   -Y,R26
0002a7 931a      	ST   -Y,R17
                 _0x2020008:
0002a8 940e 02ec 	CALL SUBOPT_0x2
0002aa f019      	BREQ _0x202000A
0002ab 2fa1      	MOV  R26,R17
0002ac dfe4      	RCALL _lcd_putchar
0002ad cffa      	RJMP _0x2020008
                 _0x202000A:
                 _0x2080002:
0002ae 8118      	LDD  R17,Y+0
0002af 9623      	ADIW R28,3
0002b0 9508      	RET
                 ; .FEND
                 _lcd_init:
                 ; .FSTART _lcd_init
0002b1 93aa      	ST   -Y,R26
0002b2 b3e4      	IN   R30,0x14
0002b3 6fe0      	ORI  R30,LOW(0xF0)
0002b4 bbe4      	OUT  0x14,R30
0002b5 9aa2      	SBI  0x14,2
0002b6 9aa0      	SBI  0x14,0
0002b7 9aa1      	SBI  0x14,1
0002b8 98aa      	CBI  0x15,2
0002b9 98a8      	CBI  0x15,0
0002ba 98a9      	CBI  0x15,1
0002bb 80d8      	LDD  R13,Y+0
0002bc 81e8      	LD   R30,Y
0002bd 58e0      	SUBI R30,-LOW(128)
                +
0002be 93e0 025c+STS __base_y_G101 + ( 2 ) , R30
                 	__PUTB1MN __base_y_G101,2
0002c0 81e8      	LD   R30,Y
0002c1 54e0      	SUBI R30,-LOW(192)
                +
0002c2 93e0 025d+STS __base_y_G101 + ( 3 ) , R30
                 	__PUTB1MN __base_y_G101,3
0002c4 e1a4      	LDI  R26,LOW(20)
0002c5 e0b0      	LDI  R27,0
0002c6 940e 0302 	CALL _delay_ms
0002c8 940e 02fa 	CALL SUBOPT_0x4
0002ca 940e 02fa 	CALL SUBOPT_0x4
0002cc 940e 02fa 	CALL SUBOPT_0x4
0002ce e2a0      	LDI  R26,LOW(32)
0002cf df88      	RCALL __lcd_write_nibble_G101
                +
0002d0 ec88     +LDI R24 , LOW ( 200 )
0002d1 e090     +LDI R25 , HIGH ( 200 )
                +__DELAY_USW_LOOP :
0002d2 9701     +SBIW R24 , 1
0002d3 f7f1     +BRNE __DELAY_USW_LOOP
                 	__DELAY_USW 200
0002d4 e2a8      	LDI  R26,LOW(40)
0002d5 df96      	RCALL __lcd_write_data
0002d6 e0a4      	LDI  R26,LOW(4)
0002d7 df94      	RCALL __lcd_write_data
0002d8 e8a5      	LDI  R26,LOW(133)
0002d9 df92      	RCALL __lcd_write_data
0002da e0a6      	LDI  R26,LOW(6)
0002db df90      	RCALL __lcd_write_data
0002dc dfa8      	RCALL _lcd_clear
                 _0x2080001:
0002dd 9621      	ADIW R28,1
0002de 9508      	RET
                 ; .FEND
                 
                 	.CSEG
                 
                 	.CSEG
                 
                 	.DSEG
                 _rx_buffer:
00024a           	.BYTE 0x8
                 _tx_buffer:
000252           	.BYTE 0x8
                 __base_y_G101:
00025a           	.BYTE 0x4
                 
                 	.CSEG
                 ;OPTIMIZER ADDED SUBROUTINE, CALLED 2 TIMES, CODE SIZE REDUCTION:1 WORDS
                 SUBOPT_0x0:
0002df 940e 014b 	CALL _getchar
0002e1 2f1e      	MOV  R17,R30
0002e2 2fa1      	MOV  R26,R17
0002e3 940c 0175 	JMP  _putchar
                 
                 ;OPTIMIZER ADDED SUBROUTINE, CALLED 2 TIMES, CODE SIZE REDUCTION:1 WORDS
                 SUBOPT_0x1:
0002e5 81ee      	LDD  R30,Y+6
0002e6 81ff      	LDD  R31,Y+6+1
0002e7 01de      	MOVW R26,R28
0002e8 9618      	ADIW R26,8
0002e9 0fae      	ADD  R26,R30
0002ea 1fbf      	ADC  R27,R31
0002eb 9508      	RET
                 
                 ;OPTIMIZER ADDED SUBROUTINE, CALLED 2 TIMES, CODE SIZE REDUCTION:2 WORDS
                 SUBOPT_0x2:
0002ec 81a9      	LDD  R26,Y+1
0002ed 81ba      	LDD  R27,Y+1+1
0002ee 91ed      	LD   R30,X+
0002ef 83a9      	STD  Y+1,R26
0002f0 83ba      	STD  Y+1+1,R27
0002f1 2f1e      	MOV  R17,R30
0002f2 30e0      	CPI  R30,0
0002f3 9508      	RET
                 
                 ;OPTIMIZER ADDED SUBROUTINE, CALLED 2 TIMES, CODE SIZE REDUCTION:1 WORDS
                 SUBOPT_0x3:
0002f4 940e 026c 	CALL __lcd_write_data
0002f6 e0a3      	LDI  R26,LOW(3)
0002f7 e0b0      	LDI  R27,0
0002f8 940c 0302 	JMP  _delay_ms
                 
                 ;OPTIMIZER ADDED SUBROUTINE, CALLED 3 TIMES, CODE SIZE REDUCTION:7 WORDS
                 SUBOPT_0x4:
0002fa e3a0      	LDI  R26,LOW(48)
0002fb 940e 0258 	CALL __lcd_write_nibble_G101
                +
0002fd ec88     +LDI R24 , LOW ( 200 )
0002fe e090     +LDI R25 , HIGH ( 200 )
                +__DELAY_USW_LOOP :
0002ff 9701     +SBIW R24 , 1
000300 f7f1     +BRNE __DELAY_USW_LOOP
                 	__DELAY_USW 200
000301 9508      	RET
                 
                 
                 	.CSEG
                 _delay_ms:
000302 9610      	adiw r26,0
000303 f039      	breq __delay_ms1
                 __delay_ms0:
                +
000304 ed80     +LDI R24 , LOW ( 0x7D0 )
000305 e097     +LDI R25 , HIGH ( 0x7D0 )
                +__DELAY_USW_LOOP :
000306 9701     +SBIW R24 , 1
000307 f7f1     +BRNE __DELAY_USW_LOOP
                 	__DELAY_USW 0x7D0
000308 95a8      	wdr
000309 9711      	sbiw r26,1
00030a f7c9      	brne __delay_ms0
                 __delay_ms1:
00030b 9508      	ret
                 
                 __SAVELOCR6:
00030c 935a      	ST   -Y,R21
                 __SAVELOCR5:
00030d 934a      	ST   -Y,R20
                 __SAVELOCR4:
00030e 933a      	ST   -Y,R19
                 __SAVELOCR3:
00030f 932a      	ST   -Y,R18
                 __SAVELOCR2:
000310 931a      	ST   -Y,R17
000311 930a      	ST   -Y,R16
000312 9508      	RET
                 
                 __LOADLOCR6:
000313 815d      	LDD  R21,Y+5
                 __LOADLOCR5:
000314 814c      	LDD  R20,Y+4
                 __LOADLOCR4:
000315 813b      	LDD  R19,Y+3
                 __LOADLOCR3:
000316 812a      	LDD  R18,Y+2
                 __LOADLOCR2:
000317 8119      	LDD  R17,Y+1
000318 8108      	LD   R16,Y
000319 9508      	RET
                 
                 __INITLOCB:
                 __INITLOCW:
00031a 0fac      	ADD  R26,R28
00031b 1fbd      	ADC  R27,R29
                 __INITLOC0:
00031c 9005      	LPM  R0,Z+
00031d 920d      	ST   X+,R0
00031e 958a      	DEC  R24
00031f f7e1      	BRNE __INITLOC0
000320 9508      	RET
                 
                 ;END OF CODE MARKER
                 __END_OF_CODE:


RESOURCE USE INFORMATION
------------------------

Notice:
The register and instruction counts are symbol table hit counts,
and hence implicitly used resources are not counted, eg, the
'lpm' instruction without operands implicitly uses r0 and z,
none of which are counted.

x,y,z are separate entities in the symbol table and are
counted separately from r26..r31 here.

.dseg memory usage only counts static data declared with .byte

ATmega16 register use summary:
r0 :   6 r1 :   1 r2 :   1 r3 :   0 r4 :   4 r5 :   4 r6 :   4 r7 :   5 
r8 :   5 r9 :   4 r10:   4 r11:   4 r12:   0 r13:   2 r14:   0 r15:   0 
r16:   6 r17:  21 r18:   8 r19:   7 r20:  15 r21:  15 r22:   2 r23:   0 
r24:  23 r25:   5 r26:  83 r27:  16 r28:  13 r29:   2 r30: 130 r31:  35 
x  :   8 y  :  71 z  :  14 
Registers used: 30 out of 35 (85.7%)

ATmega16 instruction use summary:
.lds  :   0 .lds.l:   0 .sts  :   0 .sts.l:   0 adc   :   4 add   :   5 
adiw  :  11 and   :   0 andi  :   3 asr   :   0 bclr  :   0 bld   :   1 
brbc  :   0 brbs  :   0 brcc  :   0 brcs  :   0 break :   0 breq  :  11 
brge  :   0 brhc  :   0 brhs  :   0 brid  :   0 brie  :   0 brlo  :   1 
brlt  :   1 brmi  :   0 brne  :  30 brpl  :   0 brsh  :   0 brtc  :   0 
brts  :   0 brvc  :   0 brvs  :   0 bset  :   0 bst   :   0 call  :  22 
cbi   :   5 cbr   :   0 clc   :   0 clh   :   0 cli   :   3 cln   :   0 
clr   :   7 cls   :   0 clt   :   0 clv   :   0 clz   :   0 com   :   0 
cp    :   8 cpc   :  12 cpi   :  16 cpse  :   0 dec   :   8 des   :   0 
eor   :   0 fmul  :   0 fmuls :   0 fmulsu:   0 icall :   0 ijmp  :   0 
in    :   6 inc   :   8 jmp   :  25 ld    :  25 ldd   :  16 ldi   : 110 
lds   :   0 lpm   :   8 lsl   :   0 lsr   :   0 mov   :  15 movw  :   8 
mul   :   0 muls  :   0 mulsu :   0 neg   :   0 nop   :   0 or    :   1 
ori   :   1 out   :  24 pop   :   0 push  :   0 rcall :  17 ret   :  13 
reti  :   1 rjmp  :  27 rol   :   0 ror   :   0 sbc   :   0 sbci  :   7 
sbi   :   5 sbic  :   1 sbis  :   0 sbiw  :   9 sbr   :   0 sbrc  :   0 
sbrs  :   0 sec   :   0 seh   :   0 sei   :   3 sen   :   0 ser   :   0 
ses   :   0 set   :   1 sev   :   0 sez   :   0 sleep :   0 spm   :   0 
st    :  36 std   :   8 sts   :   2 sub   :   0 subi  :   9 swap  :   1 
tst   :   3 wdr   :   1 
Instructions used: 46 out of 116 (39.7%)

ATmega16 memory use summary [bytes]:
Segment   Begin    End      Code   Data   Used    Size   Use%
---------------------------------------------------------------
[.cseg] 0x000000 0x000642   1176    426   1602   16384   9.8%
[.dseg] 0x000060 0x00025e      0    254    254    1024  24.8%
[.eseg] 0x000000 0x000000      0      0      0     512   0.0%

Assembly complete, 0 errors, 10 warnings
